[INFO ] [2018-01-30 09:05:08] org.springframework.context.support.ClassPathXmlApplicationContext [589] - Refreshing org.springframework.context.support.ClassPathXmlApplicationContext@1725dc0f: startup date [Tue Jan 30 09:05:08 CST 2018]; root of context hierarchy
[INFO ] [2018-01-30 09:05:08] org.springframework.beans.factory.xml.XmlBeanDefinitionReader [316] - Loading XML bean definitions from class path resource [applicationContext.xml]
[INFO ] [2018-01-30 09:05:09] org.springframework.scheduling.annotation.ScheduledAnnotationBeanPostProcessor [274] - No TaskScheduler/ScheduledExecutorService bean found for scheduled processing
[INFO ] [2018-01-30 09:05:09] com.tiza.gw.server.DtuServer [57] - DTU网关服务器启动...
[INFO ] [2018-01-30 09:05:14] com.tiza.support.task.AutoSenderTask [60] -  在线终端[], 下发查询指令, [从站地址:2, 功能码:3, 内容:020300000008]...
[INFO ] [2018-01-30 09:05:15] com.tiza.gw.handler.DtuHandler [29] - 建立连接...
[INFO ] [2018-01-30 09:05:16] com.tiza.gw.handler.codec.DtuDecoder [106] - 设备[355784012783916]注册...
[INFO ] [2018-01-30 09:05:26] com.tiza.gw.handler.DtuHandler [29] - 建立连接...
[INFO ] [2018-01-30 09:05:28] com.tiza.gw.handler.codec.DtuDecoder [106] - 设备[355784012591111]注册...
[INFO ] [2018-01-30 09:06:14] com.tiza.support.task.AutoSenderTask [60] -  在线终端[355784012783916, 355784012591111], 下发查询指令, [从站地址:2, 功能码:3, 内容:020300000008]...
[INFO ] [2018-01-30 09:06:20] com.tiza.gw.handler.codec.DtuDecoder [93] - 收到设备[355784012783916]数据[02 03 10 00 02 00 00 43 A7 80 00 00 00 00 00 00 00 00 00]...
[INFO ] [2018-01-30 09:07:14] com.tiza.support.task.AutoSenderTask [60] -  在线终端[355784012783916, 355784012591111], 下发查询指令, [从站地址:2, 功能码:3, 内容:020300000008]...
[INFO ] [2018-01-30 09:07:16] com.tiza.gw.handler.codec.DtuDecoder [93] - 收到设备[355784012783916]数据[02 03 10 00 02 00 00 43 A7 80 00 00 00 00 00 00 00 00 00]...
[INFO ] [2018-01-30 09:08:14] com.tiza.support.task.AutoSenderTask [60] -  在线终端[355784012783916, 355784012591111], 下发查询指令, [从站地址:2, 功能码:3, 内容:020300000008]...
[INFO ] [2018-01-30 09:08:16] com.tiza.gw.handler.codec.DtuDecoder [93] - 收到设备[355784012783916]数据[02 03 10 00 02 00 00 43 A7 80 00 00 00 00 00 00 00 00 00]...
[INFO ] [2018-01-30 09:28:22] org.springframework.context.support.ClassPathXmlApplicationContext [589] - Refreshing org.springframework.context.support.ClassPathXmlApplicationContext@1725dc0f: startup date [Tue Jan 30 09:28:22 CST 2018]; root of context hierarchy
[INFO ] [2018-01-30 09:28:22] org.springframework.beans.factory.xml.XmlBeanDefinitionReader [316] - Loading XML bean definitions from class path resource [applicationContext.xml]
[INFO ] [2018-01-30 09:28:23] org.springframework.scheduling.annotation.ScheduledAnnotationBeanPostProcessor [274] - No TaskScheduler/ScheduledExecutorService bean found for scheduled processing
[INFO ] [2018-01-30 09:28:24] com.tiza.gw.server.DtuServer [57] - DTU网关服务器启动...
[INFO ] [2018-01-30 09:28:28] com.tiza.support.task.AutoSenderTask [49] -  在线终端[], 下发查询指令, [从站地址:2, 功能码:3, 内容:02030000003C]...
[INFO ] [2018-01-30 09:28:37] com.tiza.gw.handler.DtuHandler [30] - 建立连接...
[INFO ] [2018-01-30 09:28:38] com.tiza.gw.handler.codec.DtuDecoder [106] - 设备[355784012783916]注册...
[INFO ] [2018-01-30 09:28:41] com.tiza.gw.handler.DtuHandler [30] - 建立连接...
[INFO ] [2018-01-30 09:28:42] com.tiza.gw.handler.codec.DtuDecoder [106] - 设备[355784012591111]注册...
[INFO ] [2018-01-30 09:29:28] com.tiza.support.task.AutoSenderTask [49] -  在线终端[355784012783916, 355784012591111], 下发查询指令, [从站地址:2, 功能码:3, 内容:02030000003C]...
[INFO ] [2018-01-30 09:29:30] com.tiza.gw.handler.codec.DtuDecoder [93] - 收到设备[355784012783916]数据[02 03 78 42 C8 00 00 43 C0 99 9A 3F 99 99 9A 3E A9 FB E7 3F 9C 8B 44 40 3E B8 52 3C A3 D7 0A 44 7A 00 00 C3 5F 38 52 43 6F 07 AE 42 C8 00 00 43 C0 99 9A 3F 99 99 9A 3E A9 FB E7 3F 9C 8B 44 40 3E B8 52 3C A3 D7 0A 44 7A 00 00 C3 5F 38 52 43 6F 07 AE 42 C8 00 00 43 C0 99 9A 3F 99 99 9A 3E A9 FB E7 3F 9C 8B 44 40 3E B8 52 3C A3 D7 0A 44 7A 00 00 C3 5F 38 52 43 6F 07 AE]...
[INFO ] [2018-01-30 09:30:28] com.tiza.support.task.AutoSenderTask [49] -  在线终端[355784012783916, 355784012591111], 下发查询指令, [从站地址:2, 功能码:3, 内容:02030000003C]...
[INFO ] [2018-01-30 09:30:30] com.tiza.gw.handler.codec.DtuDecoder [55] - 收到设备[355784012591111]心跳...
[INFO ] [2018-01-30 09:30:30] com.tiza.gw.handler.codec.DtuDecoder [93] - 收到设备[355784012783916]数据[02 03 78 42 C8 00 00 43 C0 99 9A 3F 99 99 9A 3E A9 FB E7 3F 9C 8B 44 40 3E B8 52 3C A3 D7 0A 44 7A 00 00 C3 5F 38 52 43 6F 07 AE 42 C8 00 00 43 C0 99 9A 3F 99 99 9A 3E A9 FB E7 3F 9C 8B 44 40 3E B8 52 3C A3 D7 0A 44 7A 00 00 C3 5F 38 52 43 6F 07 AE 42 C8 00 00 43 C0 99 9A 3F 99 99 9A 3E A9 FB E7 3F 9C 8B 44 40 3E B8 52 3C A3 D7 0A 44 7A 00 00 C3 5F 38 52 43 6F 07 AE]...
[INFO ] [2018-01-30 09:30:53] org.springframework.context.support.ClassPathXmlApplicationContext [589] - Refreshing org.springframework.context.support.ClassPathXmlApplicationContext@1725dc0f: startup date [Tue Jan 30 09:30:53 CST 2018]; root of context hierarchy
[INFO ] [2018-01-30 09:30:53] org.springframework.beans.factory.xml.XmlBeanDefinitionReader [316] - Loading XML bean definitions from class path resource [applicationContext.xml]
[INFO ] [2018-01-30 09:30:54] org.springframework.scheduling.annotation.ScheduledAnnotationBeanPostProcessor [274] - No TaskScheduler/ScheduledExecutorService bean found for scheduled processing
[INFO ] [2018-01-30 09:30:55] com.tiza.gw.server.DtuServer [57] - DTU网关服务器启动...
[INFO ] [2018-01-30 09:30:59] com.tiza.support.task.AutoSenderTask [49] -  在线终端[], 下发查询指令, [从站地址:2, 功能码:1, 内容:020100000010]...
[INFO ] [2018-01-30 09:31:05] com.tiza.gw.handler.DtuHandler [30] - 建立连接...
[INFO ] [2018-01-30 09:31:07] com.tiza.gw.handler.codec.DtuDecoder [106] - 设备[355784012591111]注册...
[INFO ] [2018-01-30 09:31:08] com.tiza.gw.handler.DtuHandler [30] - 建立连接...
[INFO ] [2018-01-30 09:31:09] com.tiza.gw.handler.codec.DtuDecoder [106] - 设备[355784012783916]注册...
[INFO ] [2018-01-30 09:31:59] com.tiza.support.task.AutoSenderTask [49] -  在线终端[355784012783916, 355784012591111], 下发查询指令, [从站地址:2, 功能码:1, 内容:020100000010]...
[INFO ] [2018-01-30 09:32:01] com.tiza.gw.handler.codec.DtuDecoder [93] - 收到设备[355784012783916]数据[02 01 02 07 07]...
[INFO ] [2018-01-30 10:21:11] org.springframework.context.support.ClassPathXmlApplicationContext [589] - Refreshing org.springframework.context.support.ClassPathXmlApplicationContext@1725dc0f: startup date [Tue Jan 30 10:21:11 CST 2018]; root of context hierarchy
[INFO ] [2018-01-30 10:21:11] org.springframework.beans.factory.xml.XmlBeanDefinitionReader [316] - Loading XML bean definitions from class path resource [applicationContext.xml]
[INFO ] [2018-01-30 10:21:12] org.springframework.scheduling.annotation.ScheduledAnnotationBeanPostProcessor [274] - No TaskScheduler/ScheduledExecutorService bean found for scheduled processing
[INFO ] [2018-01-30 10:21:12] com.tiza.support.listener.CMDInitializer [27] - 协议解析初始化...
[INFO ] [2018-01-30 10:21:13] com.tiza.gw.server.DtuServer [57] - DTU网关服务器启动...
[INFO ] [2018-01-30 10:21:17] com.tiza.support.task.AutoSenderTask [49] -  在线终端[], 下发查询指令, [从站地址:2, 功能码:1, 内容:020100000010]...
[INFO ] [2018-01-30 10:21:20] com.tiza.gw.handler.DtuHandler [32] - 建立连接...
[INFO ] [2018-01-30 10:21:21] com.tiza.gw.handler.codec.DtuDecoder [108] - 设备[355784012591111]注册...
[INFO ] [2018-01-30 10:22:03] com.tiza.gw.handler.DtuHandler [32] - 建立连接...
[INFO ] [2018-01-30 10:22:04] com.tiza.gw.handler.codec.DtuDecoder [108] - 设备[355784012783916]注册...
[INFO ] [2018-01-30 10:22:17] com.tiza.support.task.AutoSenderTask [49] -  在线终端[355784012783916, 355784012591111], 下发查询指令, [从站地址:2, 功能码:1, 内容:020100000010]...
[INFO ] [2018-01-30 10:22:19] com.tiza.gw.handler.codec.DtuDecoder [86] - 收到设备[355784012783916]数据[02 01 02 07 07 BE 0E]...
[INFO ] [2018-01-30 10:23:17] com.tiza.support.task.AutoSenderTask [49] -  在线终端[355784012783916, 355784012591111], 下发查询指令, [从站地址:2, 功能码:1, 内容:020100000010]...
[INFO ] [2018-01-30 10:23:19] com.tiza.gw.handler.codec.DtuDecoder [86] - 收到设备[355784012783916]数据[02 01 02 07 07 BE 0E]...
[INFO ] [2018-01-30 10:43:30] org.springframework.context.support.ClassPathXmlApplicationContext [589] - Refreshing org.springframework.context.support.ClassPathXmlApplicationContext@1725dc0f: startup date [Tue Jan 30 10:43:30 CST 2018]; root of context hierarchy
[INFO ] [2018-01-30 10:43:30] org.springframework.beans.factory.xml.XmlBeanDefinitionReader [316] - Loading XML bean definitions from class path resource [applicationContext.xml]
[INFO ] [2018-01-30 10:44:11] org.springframework.context.support.ClassPathXmlApplicationContext [589] - Refreshing org.springframework.context.support.ClassPathXmlApplicationContext@1725dc0f: startup date [Tue Jan 30 10:44:11 CST 2018]; root of context hierarchy
[INFO ] [2018-01-30 10:44:11] org.springframework.beans.factory.xml.XmlBeanDefinitionReader [316] - Loading XML bean definitions from class path resource [applicationContext.xml]
[INFO ] [2018-01-30 10:45:06] org.springframework.context.support.ClassPathXmlApplicationContext [589] - Refreshing org.springframework.context.support.ClassPathXmlApplicationContext@1725dc0f: startup date [Tue Jan 30 10:45:06 CST 2018]; root of context hierarchy
[INFO ] [2018-01-30 10:45:06] org.springframework.beans.factory.xml.XmlBeanDefinitionReader [316] - Loading XML bean definitions from class path resource [applicationContext.xml]
[INFO ] [2018-01-30 10:46:05] org.springframework.context.support.ClassPathXmlApplicationContext [589] - Refreshing org.springframework.context.support.ClassPathXmlApplicationContext@1725dc0f: startup date [Tue Jan 30 10:46:05 CST 2018]; root of context hierarchy
[INFO ] [2018-01-30 10:46:05] org.springframework.beans.factory.xml.XmlBeanDefinitionReader [316] - Loading XML bean definitions from class path resource [applicationContext.xml]
[INFO ] [2018-01-30 10:47:10] org.springframework.context.support.ClassPathXmlApplicationContext [589] - Refreshing org.springframework.context.support.ClassPathXmlApplicationContext@55f3ddb1: startup date [Tue Jan 30 10:47:10 CST 2018]; root of context hierarchy
[INFO ] [2018-01-30 10:47:10] org.springframework.beans.factory.xml.XmlBeanDefinitionReader [316] - Loading XML bean definitions from class path resource [applicationContext.xml]
[INFO ] [2018-01-30 10:47:29] org.springframework.context.support.ClassPathXmlApplicationContext [589] - Refreshing org.springframework.context.support.ClassPathXmlApplicationContext@55f3ddb1: startup date [Tue Jan 30 10:47:29 CST 2018]; root of context hierarchy
[INFO ] [2018-01-30 10:47:29] org.springframework.beans.factory.xml.XmlBeanDefinitionReader [316] - Loading XML bean definitions from class path resource [applicationContext.xml]
[INFO ] [2018-01-30 10:47:32] com.alibaba.druid.pool.DruidDataSource [854] - {dataSource-1} inited
[INFO ] [2018-01-30 10:47:32] com.alibaba.druid.pool.DruidDataSource [1615] - {dataSource-1} closed
[INFO ] [2018-01-30 10:47:32] com.tiza.gw.server.DtuServer [57] - DTU网关服务器启动...
[INFO ] [2018-01-30 10:49:00] org.springframework.context.support.ClassPathXmlApplicationContext [589] - Refreshing org.springframework.context.support.ClassPathXmlApplicationContext@55f3ddb1: startup date [Tue Jan 30 10:49:00 CST 2018]; root of context hierarchy
[INFO ] [2018-01-30 10:49:00] org.springframework.beans.factory.xml.XmlBeanDefinitionReader [316] - Loading XML bean definitions from class path resource [applicationContext.xml]
[INFO ] [2018-01-30 10:49:02] com.alibaba.druid.pool.DruidDataSource [854] - {dataSource-1} inited
[INFO ] [2018-01-30 10:49:02] org.springframework.scheduling.annotation.ScheduledAnnotationBeanPostProcessor [274] - No TaskScheduler/ScheduledExecutorService bean found for scheduled processing
[INFO ] [2018-01-30 10:49:02] com.tiza.support.listener.CMDInitializer [27] - 协议解析初始化...
[INFO ] [2018-01-30 10:49:02] com.tiza.gw.server.DtuServer [57] - DTU网关服务器启动...
[INFO ] [2018-01-30 13:53:25] org.springframework.context.support.ClassPathXmlApplicationContext [589] - Refreshing org.springframework.context.support.ClassPathXmlApplicationContext@4f209819: startup date [Tue Jan 30 13:53:25 CST 2018]; root of context hierarchy
[INFO ] [2018-01-30 13:53:26] org.springframework.beans.factory.xml.XmlBeanDefinitionReader [316] - Loading XML bean definitions from class path resource [applicationContext.xml]
[INFO ] [2018-01-30 13:53:46] org.springframework.context.support.ClassPathXmlApplicationContext [589] - Refreshing org.springframework.context.support.ClassPathXmlApplicationContext@4f209819: startup date [Tue Jan 30 13:53:46 CST 2018]; root of context hierarchy
[INFO ] [2018-01-30 13:53:46] org.springframework.beans.factory.xml.XmlBeanDefinitionReader [316] - Loading XML bean definitions from class path resource [applicationContext.xml]
[INFO ] [2018-01-30 13:53:48] com.alibaba.druid.pool.DruidDataSource [854] - {dataSource-1} inited
[INFO ] [2018-01-30 13:53:48] org.springframework.scheduling.annotation.ScheduledAnnotationBeanPostProcessor [274] - No TaskScheduler/ScheduledExecutorService bean found for scheduled processing
[INFO ] [2018-01-30 13:53:48] com.tiza.support.listener.CMDInitializer [27] - 协议解析初始化...
[INFO ] [2018-01-30 13:53:48] com.tiza.gw.server.DtuServer [57] - DTU网关服务器启动...
[INFO ] [2018-01-30 13:53:53] com.tiza.support.task.AutoSenderTask [49] -  在线终端[], 下发查询指令, [从站地址:2, 功能码:1, 内容:020100000010]...
[INFO ] [2018-01-30 13:53:55] com.tiza.gw.handler.DtuHandler [32] - 建立连接...
[INFO ] [2018-01-30 13:53:56] com.tiza.gw.handler.codec.DtuDecoder [108] - 设备[355784012591111]注册...
[INFO ] [2018-01-30 13:53:56] com.tiza.gw.handler.DtuHandler [32] - 建立连接...
[INFO ] [2018-01-30 13:53:58] com.tiza.gw.handler.codec.DtuDecoder [108] - 设备[355784012783916]注册...
[INFO ] [2018-01-30 13:53:58] com.tiza.support.task.AutoSenderTask [49] -  在线终端[355784012783916, 355784012591111], 下发查询指令, [从站地址:2, 功能码:2, 内容:020200000018]...
[INFO ] [2018-01-30 13:53:59] com.tiza.gw.handler.codec.DtuDecoder [86] - 收到设备[355784012783916]数据[02 02 03 00 00 00 78 7D]...
[INFO ] [2018-01-30 13:54:38] com.tiza.support.task.AutoSenderTask [49] -  在线终端[355784012783916, 355784012591111], 下发查询指令, [从站地址:2, 功能码:3, 内容:02030000003C]...
[INFO ] [2018-01-30 13:54:40] com.tiza.gw.handler.codec.DtuDecoder [86] - 收到设备[355784012783916]数据[02 03 78 42 C8 00 00 43 C0 99 9A 3F 99 99 9A 3E A9 FB E7 3F 9C 8B 44 40 3E B8 52 3C A3 D7 0A 44 7A 00 00 C3 5F 38 52 43 6F 07 AE 42 C8 00 00 43 C0 99 9A 3F 99 99 9A 3E A9 FB E7 3F 9C 8B 44 40 3E B8 52 3C A3 D7 0A 44 7A 00 00 C3 5F 38 52 43 6F 07 AE 42 C8 00 00 43 C0 99 9A 3F 99 99 9A 3E A9 FB E7 3F 9C 8B 44 40 3E B8 52 3C A3 D7 0A 44 7A 00 00 C3 5F 38 52 43 6F 07 AE 95 12]...
[INFO ] [2018-01-30 13:54:53] com.tiza.support.task.AutoSenderTask [49] -  在线终端[355784012783916, 355784012591111], 下发查询指令, [从站地址:2, 功能码:1, 内容:020100000010]...
[INFO ] [2018-01-30 13:54:54] com.tiza.gw.handler.codec.DtuDecoder [86] - 收到设备[355784012783916]数据[02 01 02 07 07 BE 0E]...
[INFO ] [2018-01-30 13:56:00] com.tiza.gw.handler.codec.DtuDecoder [55] - 收到设备[355784012591111]心跳...
[INFO ] [2018-01-30 13:56:00] com.tiza.gw.handler.codec.DtuDecoder [55] - 收到设备[355784012783916]心跳...
[INFO ] [2018-01-30 13:56:00] com.tiza.support.task.AutoSenderTask [49] -  在线终端[355784012783916, 355784012591111], 下发查询指令, [从站地址:2, 功能码:1, 内容:020100000010]...
[INFO ] [2018-01-30 13:56:00] com.tiza.support.task.AutoSenderTask [49] -  在线终端[355784012783916, 355784012591111], 下发查询指令, [从站地址:2, 功能码:2, 内容:020200000018]...
[INFO ] [2018-01-30 13:56:35] org.springframework.context.support.ClassPathXmlApplicationContext [589] - Refreshing org.springframework.context.support.ClassPathXmlApplicationContext@475530b9: startup date [Tue Jan 30 13:56:35 CST 2018]; root of context hierarchy
[INFO ] [2018-01-30 13:56:35] org.springframework.beans.factory.xml.XmlBeanDefinitionReader [316] - Loading XML bean definitions from class path resource [applicationContext.xml]
[INFO ] [2018-01-30 13:56:36] com.alibaba.druid.pool.DruidDataSource [854] - {dataSource-1} inited
[INFO ] [2018-01-30 13:56:37] org.springframework.scheduling.annotation.ScheduledAnnotationBeanPostProcessor [274] - No TaskScheduler/ScheduledExecutorService bean found for scheduled processing
[INFO ] [2018-01-30 13:56:37] com.tiza.support.listener.CMDInitializer [27] - 协议解析初始化...
[INFO ] [2018-01-30 13:56:37] com.tiza.gw.server.DtuServer [57] - DTU网关服务器启动...
[INFO ] [2018-01-30 13:56:38] com.tiza.gw.handler.DtuHandler [32] - 建立连接...
[INFO ] [2018-01-30 13:56:39] com.tiza.gw.handler.codec.DtuDecoder [108] - 设备[355784012591111]注册...
[INFO ] [2018-01-30 13:56:41] com.tiza.gw.handler.DtuHandler [32] - 建立连接...
[INFO ] [2018-01-30 13:56:42] com.tiza.support.task.AutoSenderTask [49] -  在线终端[355784012591111], 下发查询指令, [从站地址:2, 功能码:1, 内容:020100000010]...
[INFO ] [2018-01-30 13:56:43] com.tiza.gw.handler.codec.DtuDecoder [108] - 设备[355784012783916]注册...
[INFO ] [2018-01-30 13:56:47] com.tiza.support.task.AutoSenderTask [49] -  在线终端[355784012783916, 355784012591111], 下发查询指令, [从站地址:2, 功能码:2, 内容:020200000018]...
[INFO ] [2018-01-30 13:56:52] com.tiza.support.task.AutoSenderTask [49] -  在线终端[355784012783916, 355784012591111], 下发查询指令, [从站地址:2, 功能码:3, 内容:02030000003C]...
[INFO ] [2018-01-30 13:57:42] com.tiza.support.task.AutoSenderTask [49] -  在线终端[355784012783916, 355784012591111], 下发查询指令, [从站地址:2, 功能码:1, 内容:020100000010]...
[INFO ] [2018-01-30 13:59:19] org.springframework.context.support.ClassPathXmlApplicationContext [589] - Refreshing org.springframework.context.support.ClassPathXmlApplicationContext@4f209819: startup date [Tue Jan 30 13:59:19 CST 2018]; root of context hierarchy
[INFO ] [2018-01-30 13:59:19] org.springframework.beans.factory.xml.XmlBeanDefinitionReader [316] - Loading XML bean definitions from class path resource [applicationContext.xml]
[INFO ] [2018-01-30 13:59:21] com.alibaba.druid.pool.DruidDataSource [854] - {dataSource-1} inited
[INFO ] [2018-01-30 13:59:21] org.springframework.scheduling.annotation.ScheduledAnnotationBeanPostProcessor [274] - No TaskScheduler/ScheduledExecutorService bean found for scheduled processing
[INFO ] [2018-01-30 13:59:21] com.tiza.support.listener.CMDInitializer [27] - 协议解析初始化...
[INFO ] [2018-01-30 13:59:21] com.tiza.gw.server.DtuServer [57] - DTU网关服务器启动...
[INFO ] [2018-01-30 13:59:24] com.tiza.support.task.DeviceInfoTask [36] - 刷新设备列表...
[INFO ] [2018-01-30 13:59:26] com.tiza.support.task.AutoSenderTask [49] -  在线终端[], 下发查询指令, [从站地址:2, 功能码:1, 内容:020100000010]...
[INFO ] [2018-01-30 13:59:42] com.tiza.gw.handler.DtuHandler [32] - 建立连接...
[INFO ] [2018-01-30 13:59:43] com.tiza.gw.handler.codec.DtuDecoder [108] - 设备[355784012591111]注册...
[INFO ] [2018-01-30 13:59:45] com.tiza.gw.handler.DtuHandler [32] - 建立连接...
[INFO ] [2018-01-30 13:59:46] com.tiza.gw.handler.codec.DtuDecoder [108] - 设备[355784012783916]注册...
[INFO ] [2018-01-30 14:00:26] com.tiza.support.task.AutoSenderTask [49] -  在线终端[355784012783916, 355784012591111], 下发查询指令, [从站地址:2, 功能码:1, 内容:020100000010]...
[INFO ] [2018-01-30 14:00:27] com.tiza.gw.handler.codec.DtuDecoder [86] - 收到设备[355784012783916]数据[02 01 02 07 07 BE 0E]...
[INFO ] [2018-01-30 14:00:50] org.springframework.beans.factory.xml.XmlBeanDefinitionReader [316] - Loading XML bean definitions from class path resource [org/springframework/jdbc/support/sql-error-codes.xml]
[INFO ] [2018-01-30 14:00:50] org.springframework.jdbc.support.SQLErrorCodesFactory [128] - SQLErrorCodes loaded: [DB2, Derby, H2, HSQL, Informix, MS-SQL, MySQL, Oracle, PostgreSQL, Sybase, Hana]
[INFO ] [2018-01-30 14:09:47] org.springframework.context.support.ClassPathXmlApplicationContext [589] - Refreshing org.springframework.context.support.ClassPathXmlApplicationContext@475530b9: startup date [Tue Jan 30 14:09:47 CST 2018]; root of context hierarchy
[INFO ] [2018-01-30 14:09:48] org.springframework.beans.factory.xml.XmlBeanDefinitionReader [316] - Loading XML bean definitions from class path resource [applicationContext.xml]
[INFO ] [2018-01-30 14:10:29] org.springframework.context.support.ClassPathXmlApplicationContext [589] - Refreshing org.springframework.context.support.ClassPathXmlApplicationContext@475530b9: startup date [Tue Jan 30 14:10:29 CST 2018]; root of context hierarchy
[INFO ] [2018-01-30 14:10:30] org.springframework.beans.factory.xml.XmlBeanDefinitionReader [316] - Loading XML bean definitions from class path resource [applicationContext.xml]
[INFO ] [2018-01-30 14:10:31] com.alibaba.druid.pool.DruidDataSource [854] - {dataSource-1} inited
[INFO ] [2018-01-30 14:10:31] org.springframework.scheduling.annotation.ScheduledAnnotationBeanPostProcessor [274] - No TaskScheduler/ScheduledExecutorService bean found for scheduled processing
[INFO ] [2018-01-30 14:10:31] com.tiza.support.listener.CMDInitializer [27] - 协议解析初始化...
[INFO ] [2018-01-30 14:10:31] com.tiza.gw.server.DtuServer [57] - DTU网关服务器启动...
[INFO ] [2018-01-30 14:10:34] com.tiza.support.task.DeviceInfoTask [36] - 刷新设备列表...
[INFO ] [2018-01-30 14:10:36] com.tiza.support.task.AutoSenderTask [49] -  在线终端[], 下发查询指令, [从站地址:2, 功能码:1, 内容:0201000000103DF5]...
[INFO ] [2018-01-30 14:11:18] org.springframework.context.support.ClassPathXmlApplicationContext [589] - Refreshing org.springframework.context.support.ClassPathXmlApplicationContext@475530b9: startup date [Tue Jan 30 14:11:18 CST 2018]; root of context hierarchy
[INFO ] [2018-01-30 14:11:18] org.springframework.beans.factory.xml.XmlBeanDefinitionReader [316] - Loading XML bean definitions from class path resource [applicationContext.xml]
[INFO ] [2018-01-30 14:11:20] com.alibaba.druid.pool.DruidDataSource [854] - {dataSource-1} inited
[INFO ] [2018-01-30 14:11:20] org.springframework.scheduling.annotation.ScheduledAnnotationBeanPostProcessor [274] - No TaskScheduler/ScheduledExecutorService bean found for scheduled processing
[INFO ] [2018-01-30 14:11:20] com.tiza.support.listener.CMDInitializer [27] - 协议解析初始化...
[INFO ] [2018-01-30 14:11:20] com.tiza.gw.server.DtuServer [57] - DTU网关服务器启动...
[INFO ] [2018-01-30 14:11:23] com.tiza.support.task.DeviceInfoTask [36] - 刷新设备列表...
[INFO ] [2018-01-30 14:11:27] com.tiza.gw.handler.DtuHandler [32] - 建立连接...
[INFO ] [2018-01-30 14:11:28] com.tiza.gw.handler.codec.DtuDecoder [113] - 设备[355784012783916]注册...
[INFO ] [2018-01-30 14:11:35] com.tiza.gw.handler.DtuHandler [32] - 建立连接...
[INFO ] [2018-01-30 14:12:12] com.tiza.gw.handler.DtuHandler [32] - 建立连接...
[INFO ] [2018-01-30 14:12:13] com.tiza.gw.handler.codec.DtuDecoder [118] - 设备[355784012591111]不存在!
[INFO ] [2018-01-30 14:12:25] com.tiza.support.task.AutoSenderTask [53] -  在线终端[355784012783916], 下发查询指令, [从站地址:2, 功能码:1, 内容:0201000000103DF5]...
[INFO ] [2018-01-30 14:12:27] com.tiza.gw.handler.codec.DtuDecoder [86] - 收到设备[355784012783916]数据[02 01 02 07 07 BE 0E]...
[INFO ] [2018-01-30 14:12:27] com.tiza.protocol.dtu.cmd.CMD_01 [76] - 更新设备[355784012783916]状态...
[INFO ] [2018-01-30 14:13:13] com.tiza.gw.handler.codec.DtuDecoder [55] - 收到设备[355784012591111]心跳...
[INFO ] [2018-01-30 14:13:25] com.tiza.support.task.AutoSenderTask [53] -  在线终端[355784012783916], 下发查询指令, [从站地址:2, 功能码:1, 内容:0201000000103DF5]...
[INFO ] [2018-01-30 14:13:27] com.tiza.gw.handler.codec.DtuDecoder [86] - 收到设备[355784012783916]数据[02 01 02 07 07 BE 0E]...
[INFO ] [2018-01-30 14:13:27] com.tiza.protocol.dtu.cmd.CMD_01 [76] - 更新设备[355784012783916]状态...
[INFO ] [2018-01-30 14:36:47] org.springframework.context.support.ClassPathXmlApplicationContext [589] - Refreshing org.springframework.context.support.ClassPathXmlApplicationContext@475530b9: startup date [Tue Jan 30 14:36:47 CST 2018]; root of context hierarchy
[INFO ] [2018-01-30 14:36:47] org.springframework.beans.factory.xml.XmlBeanDefinitionReader [316] - Loading XML bean definitions from class path resource [applicationContext.xml]
[INFO ] [2018-01-30 14:36:48] com.alibaba.druid.pool.DruidDataSource [854] - {dataSource-1} inited
[INFO ] [2018-01-30 14:36:48] org.springframework.scheduling.annotation.ScheduledAnnotationBeanPostProcessor [274] - No TaskScheduler/ScheduledExecutorService bean found for scheduled processing
[INFO ] [2018-01-30 14:36:48] com.tiza.support.listener.CMDInitializer [27] - 协议解析初始化...
[INFO ] [2018-01-30 14:36:49] com.tiza.gw.server.DtuServer [57] - DTU网关服务器启动...
[INFO ] [2018-01-30 14:36:51] com.tiza.support.task.DeviceInfoTask [36] - 刷新设备列表...
[INFO ] [2018-01-30 14:36:59] com.tiza.gw.handler.DtuHandler [32] - 建立连接...
[INFO ] [2018-01-30 14:37:05] com.tiza.gw.handler.DtuHandler [32] - 建立连接...
[INFO ] [2018-01-30 14:37:07] com.tiza.gw.handler.codec.DtuDecoder [111] - 设备[355784012783916]注册...
[INFO ] [2018-01-30 14:37:53] com.tiza.support.task.AutoSenderTask [53] -  在线终端[355784012783916], 下发查询指令, [从站地址:2, 功能码:1, 内容:0201000000103DF5]...
[INFO ] [2018-01-30 14:37:55] com.tiza.gw.handler.codec.DtuDecoder [86] - 收到设备[355784012783916]数据[02 01 02 07 07 BE 0E]...
[INFO ] [2018-01-30 14:37:55] com.tiza.protocol.dtu.cmd.CMD_01 [101] - 更新设备[355784012783916]状态...
[INFO ] [2018-01-30 14:38:01] com.tiza.gw.handler.codec.DtuDecoder [55] - 收到设备[355784012591111]心跳...
[INFO ] [2018-01-30 14:38:53] com.tiza.support.task.AutoSenderTask [53] -  在线终端[355784012783916], 下发查询指令, [从站地址:2, 功能码:1, 内容:0201000000103DF5]...
[INFO ] [2018-01-30 14:38:55] com.tiza.gw.handler.codec.DtuDecoder [86] - 收到设备[355784012783916]数据[02 01 02 07 07 BE 0E]...
[INFO ] [2018-01-30 14:38:55] com.tiza.protocol.dtu.cmd.CMD_01 [101] - 更新设备[355784012783916]状态...
[INFO ] [2018-01-30 14:39:01] com.tiza.gw.handler.codec.DtuDecoder [55] - 收到设备[355784012591111]心跳...
[INFO ] [2018-01-30 14:39:53] com.tiza.support.task.AutoSenderTask [53] -  在线终端[355784012783916], 下发查询指令, [从站地址:2, 功能码:1, 内容:0201000000103DF5]...
[INFO ] [2018-01-30 14:39:55] com.tiza.gw.handler.codec.DtuDecoder [86] - 收到设备[355784012783916]数据[02 01 02 07 07 BE 0E]...
[INFO ] [2018-01-30 14:39:55] com.tiza.protocol.dtu.cmd.CMD_01 [101] - 更新设备[355784012783916]状态...
[INFO ] [2018-01-30 14:40:01] com.tiza.gw.handler.codec.DtuDecoder [55] - 收到设备[355784012591111]心跳...
[INFO ] [2018-01-30 14:40:03] com.tiza.support.task.AutoSenderTask [53] -  在线终端[355784012783916], 下发查询指令, [从站地址:2, 功能码:3, 内容:02030000003C45E8]...
[INFO ] [2018-01-30 14:40:05] com.tiza.gw.handler.codec.DtuDecoder [86] - 收到设备[355784012783916]数据[02 03 78 42 C8 00 00 43 C0 99 9A 3F 99 99 9A 3E A9 FB E7 3F 9C 8B 44 40 3E B8 52 3C A3 D7 0A 44 7A 00 00 C3 5F 38 52 43 6F 07 AE 42 C8 00 00 43 C0 99 9A 3F 99 99 9A 3E A9 FB E7 3F 9C 8B 44 40 3E B8 52 3C A3 D7 0A 44 7A 00 00 C3 5F 38 52 43 6F 07 AE 42 C8 00 00 43 C0 99 9A 3F 99 99 9A 3E A9 FB E7 3F 9C 8B 44 40 3E B8 52 3C A3 D7 0A 44 7A 00 00 C3 5F 38 52 43 6F 07 AE 95 12]...
[INFO ] [2018-01-30 14:40:05] com.tiza.protocol.dtu.cmd.CMD_03 [101] - 更新设备[355784012783916]状态...
[INFO ] [2018-01-30 14:40:53] com.tiza.support.task.AutoSenderTask [53] -  在线终端[355784012783916], 下发查询指令, [从站地址:2, 功能码:1, 内容:0201000000103DF5]...
[INFO ] [2018-01-30 14:40:55] com.tiza.gw.handler.codec.DtuDecoder [86] - 收到设备[355784012783916]数据[02 01 02 07 07 BE 0E]...
[INFO ] [2018-01-30 14:40:55] com.tiza.protocol.dtu.cmd.CMD_01 [101] - 更新设备[355784012783916]状态...
[INFO ] [2018-01-30 14:41:02] com.tiza.gw.handler.codec.DtuDecoder [55] - 收到设备[355784012591111]心跳...
[INFO ] [2018-01-30 14:41:53] com.tiza.support.task.AutoSenderTask [53] -  在线终端[355784012783916], 下发查询指令, [从站地址:2, 功能码:1, 内容:0201000000103DF5]...
[INFO ] [2018-01-30 14:41:55] com.tiza.gw.handler.codec.DtuDecoder [86] - 收到设备[355784012783916]数据[02 01 02 07 07 BE 0E]...
[INFO ] [2018-01-30 14:41:55] com.tiza.protocol.dtu.cmd.CMD_01 [101] - 更新设备[355784012783916]状态...
[INFO ] [2018-01-30 14:42:02] com.tiza.gw.handler.codec.DtuDecoder [55] - 收到设备[355784012591111]心跳...
[INFO ] [2018-01-30 14:42:53] com.tiza.support.task.AutoSenderTask [53] -  在线终端[355784012783916], 下发查询指令, [从站地址:2, 功能码:1, 内容:0201000000103DF5]...
[INFO ] [2018-01-30 14:42:55] com.tiza.gw.handler.codec.DtuDecoder [86] - 收到设备[355784012783916]数据[02 01 02 07 07 BE 0E]...
[INFO ] [2018-01-30 14:42:55] com.tiza.protocol.dtu.cmd.CMD_01 [101] - 更新设备[355784012783916]状态...
[INFO ] [2018-01-30 14:43:02] com.tiza.gw.handler.codec.DtuDecoder [55] - 收到设备[355784012591111]心跳...
[INFO ] [2018-01-30 14:43:03] com.tiza.support.task.AutoSenderTask [53] -  在线终端[355784012783916], 下发查询指令, [从站地址:2, 功能码:3, 内容:02030000003C45E8]...
[INFO ] [2018-01-30 14:43:06] com.tiza.gw.handler.codec.DtuDecoder [86] - 收到设备[355784012783916]数据[02 03 78 42 C8 00 00 43 C0 99 9A 3F 99 99 9A 3E A9 FB E7 3F 9C 8B 44 40 3E B8 52 3C A3 D7 0A 44 7A 00 00 C3 5F 38 52 43 6F 07 AE 42 C8 00 00 43 C0 99 9A 3F 99 99 9A 3E A9 FB E7 3F 9C 8B 44 40 3E B8 52 3C A3 D7 0A 44 7A 00 00 C3 5F 38 52 43 6F 07 AE 42 C8 00 00 43 C0 99 9A 3F 99 99 9A 3E A9 FB E7 3F 9C 8B 44 40 3E B8 52 3C A3 D7 0A 44 7A 00 00 C3 5F 38 52 43 6F 07 AE 95 12]...
[INFO ] [2018-01-30 14:43:06] com.tiza.protocol.dtu.cmd.CMD_03 [101] - 更新设备[355784012783916]状态...
[INFO ] [2018-01-30 14:43:53] com.tiza.support.task.AutoSenderTask [53] -  在线终端[355784012783916], 下发查询指令, [从站地址:2, 功能码:1, 内容:0201000000103DF5]...
[INFO ] [2018-01-30 14:43:55] com.tiza.gw.handler.codec.DtuDecoder [86] - 收到设备[355784012783916]数据[02 01 02 07 07 BE 0E]...
[INFO ] [2018-01-30 14:43:55] com.tiza.protocol.dtu.cmd.CMD_01 [101] - 更新设备[355784012783916]状态...
[INFO ] [2018-01-30 14:44:02] com.tiza.gw.handler.codec.DtuDecoder [55] - 收到设备[355784012591111]心跳...
[INFO ] [2018-01-30 14:44:53] com.tiza.support.task.AutoSenderTask [53] -  在线终端[355784012783916], 下发查询指令, [从站地址:2, 功能码:1, 内容:0201000000103DF5]...
[INFO ] [2018-01-30 14:44:55] com.tiza.gw.handler.codec.DtuDecoder [86] - 收到设备[355784012783916]数据[02 01 02 07 07 BE 0E]...
[INFO ] [2018-01-30 14:44:55] com.tiza.protocol.dtu.cmd.CMD_01 [101] - 更新设备[355784012783916]状态...
[INFO ] [2018-01-30 14:45:02] com.tiza.gw.handler.codec.DtuDecoder [55] - 收到设备[355784012591111]心跳...
[INFO ] [2018-01-30 14:45:53] com.tiza.support.task.AutoSenderTask [53] -  在线终端[355784012783916], 下发查询指令, [从站地址:2, 功能码:1, 内容:0201000000103DF5]...
[INFO ] [2018-01-30 14:45:55] com.tiza.gw.handler.codec.DtuDecoder [86] - 收到设备[355784012783916]数据[02 01 02 07 07 BE 0E]...
[INFO ] [2018-01-30 14:45:55] com.tiza.protocol.dtu.cmd.CMD_01 [101] - 更新设备[355784012783916]状态...
[INFO ] [2018-01-30 14:46:03] com.tiza.gw.handler.codec.DtuDecoder [55] - 收到设备[355784012591111]心跳...
[INFO ] [2018-01-30 14:46:03] com.tiza.support.task.AutoSenderTask [53] -  在线终端[355784012783916], 下发查询指令, [从站地址:2, 功能码:3, 内容:02030000003C45E8]...
[INFO ] [2018-01-30 14:46:05] com.tiza.gw.handler.codec.DtuDecoder [86] - 收到设备[355784012783916]数据[02 03 78 42 C8 00 00 42 C8 00 00 42 C8 00 00 42 C8 00 00 42 C8 00 00 42 C8 00 00 42 C8 00 00 42 C8 00 00 42 C8 00 00 42 C8 00 00 42 C8 00 00 42 C8 00 00 42 C8 00 00 42 C8 00 00 42 C8 00 00 42 C8 00 00 42 C8 00 00 42 C8 00 00 42 C8 00 00 42 C8 00 00 42 C8 00 00 42 C8 00 00 42 C8 00 00 42 C8 00 00 42 C8 00 00 42 C8 00 00 42 C8 00 00 42 C8 00 00 42 C8 00 00 42 C8 00 00 0B F3]...
[INFO ] [2018-01-30 14:46:05] com.tiza.protocol.dtu.cmd.CMD_03 [101] - 更新设备[355784012783916]状态...
[INFO ] [2018-01-30 14:46:53] com.tiza.support.task.AutoSenderTask [53] -  在线终端[355784012783916], 下发查询指令, [从站地址:2, 功能码:1, 内容:0201000000103DF5]...
[INFO ] [2018-01-30 14:46:55] com.tiza.gw.handler.codec.DtuDecoder [86] - 收到设备[355784012783916]数据[02 01 02 07 07 BE 0E]...
[INFO ] [2018-01-30 14:46:55] com.tiza.protocol.dtu.cmd.CMD_01 [101] - 更新设备[355784012783916]状态...
[INFO ] [2018-01-30 14:47:03] com.tiza.gw.handler.codec.DtuDecoder [55] - 收到设备[355784012591111]心跳...
[INFO ] [2018-01-30 14:47:53] com.tiza.support.task.AutoSenderTask [53] -  在线终端[355784012783916], 下发查询指令, [从站地址:2, 功能码:1, 内容:0201000000103DF5]...
[INFO ] [2018-01-30 14:47:55] com.tiza.gw.handler.codec.DtuDecoder [86] - 收到设备[355784012783916]数据[02 01 02 07 07 BE 0E]...
[INFO ] [2018-01-30 14:47:55] com.tiza.protocol.dtu.cmd.CMD_01 [101] - 更新设备[355784012783916]状态...
[INFO ] [2018-01-30 14:48:03] com.tiza.gw.handler.codec.DtuDecoder [55] - 收到设备[355784012591111]心跳...
[INFO ] [2018-01-30 14:48:53] com.tiza.support.task.AutoSenderTask [53] -  在线终端[355784012783916], 下发查询指令, [从站地址:2, 功能码:1, 内容:0201000000103DF5]...
[INFO ] [2018-01-30 14:48:55] com.tiza.gw.handler.codec.DtuDecoder [86] - 收到设备[355784012783916]数据[02 01 02 07 07 BE 0E]...
[INFO ] [2018-01-30 14:48:55] com.tiza.protocol.dtu.cmd.CMD_01 [101] - 更新设备[355784012783916]状态...
[INFO ] [2018-01-30 14:49:03] com.tiza.gw.handler.codec.DtuDecoder [55] - 收到设备[355784012591111]心跳...
[INFO ] [2018-01-30 14:49:03] com.tiza.support.task.AutoSenderTask [53] -  在线终端[355784012783916], 下发查询指令, [从站地址:2, 功能码:3, 内容:02030000003C45E8]...
[INFO ] [2018-01-30 14:49:05] com.tiza.gw.handler.codec.DtuDecoder [86] - 收到设备[355784012783916]数据[02 03 78 42 C8 00 00 42 C8 00 00 42 C8 00 00 42 C8 00 00 42 C8 00 00 42 C8 00 00 42 C8 00 00 42 C8 00 00 42 C8 00 00 42 C8 00 00 42 C8 00 00 42 C8 00 00 42 C8 00 00 42 C8 00 00 42 C8 00 00 42 C8 00 00 42 C8 00 00 42 C8 00 00 42 C8 00 00 42 C8 00 00 42 C8 00 00 42 C8 00 00 42 C8 00 00 42 C8 00 00 42 C8 00 00 42 C8 00 00 42 C8 00 00 42 C8 00 00 42 C8 00 00 42 C8 00 00 0B F3]...
[INFO ] [2018-01-30 14:49:05] com.tiza.protocol.dtu.cmd.CMD_03 [101] - 更新设备[355784012783916]状态...
