[INFO ] [2018-01-29 09:49:10] org.springframework.context.support.ClassPathXmlApplicationContext [589] - Refreshing org.springframework.context.support.ClassPathXmlApplicationContext@c038203: startup date [Mon Jan 29 09:49:10 CST 2018]; root of context hierarchy
[INFO ] [2018-01-29 09:49:10] org.springframework.beans.factory.xml.XmlBeanDefinitionReader [316] - Loading XML bean definitions from class path resource [applicationContext.xml]
[INFO ] [2018-01-29 09:49:11] com.tiza.gw.server.DtuServer [57] - DTU网关服务器启动...
[INFO ] [2018-01-29 09:49:29] com.tiza.gw.handler.DtuHandler [24] - 建立连接...
[INFO ] [2018-01-29 09:49:37] com.tiza.gw.handler.DtuHandler [32] - 设备[null]断开连接...
[INFO ] [2018-01-29 09:51:09] org.springframework.context.support.ClassPathXmlApplicationContext [589] - Refreshing org.springframework.context.support.ClassPathXmlApplicationContext@c038203: startup date [Mon Jan 29 09:51:09 CST 2018]; root of context hierarchy
[INFO ] [2018-01-29 09:51:10] org.springframework.beans.factory.xml.XmlBeanDefinitionReader [316] - Loading XML bean definitions from class path resource [applicationContext.xml]
[INFO ] [2018-01-29 09:51:11] com.tiza.gw.server.DtuServer [57] - DTU网关服务器启动...
[INFO ] [2018-01-29 09:51:17] com.tiza.gw.handler.DtuHandler [24] - 建立连接...
[INFO ] [2018-01-29 09:51:19] com.tiza.gw.handler.DtuHandler [32] - 设备[null]断开连接...
[INFO ] [2018-01-29 09:51:50] org.springframework.context.support.ClassPathXmlApplicationContext [589] - Refreshing org.springframework.context.support.ClassPathXmlApplicationContext@c038203: startup date [Mon Jan 29 09:51:50 CST 2018]; root of context hierarchy
[INFO ] [2018-01-29 09:51:50] org.springframework.beans.factory.xml.XmlBeanDefinitionReader [316] - Loading XML bean definitions from class path resource [applicationContext.xml]
[INFO ] [2018-01-29 09:51:51] com.tiza.gw.server.DtuServer [57] - DTU网关服务器启动...
[INFO ] [2018-01-29 09:51:56] com.tiza.gw.handler.DtuHandler [24] - 建立连接...
[INFO ] [2018-01-29 09:52:16] org.springframework.context.support.ClassPathXmlApplicationContext [589] - Refreshing org.springframework.context.support.ClassPathXmlApplicationContext@c038203: startup date [Mon Jan 29 09:52:16 CST 2018]; root of context hierarchy
[INFO ] [2018-01-29 09:52:16] org.springframework.beans.factory.xml.XmlBeanDefinitionReader [316] - Loading XML bean definitions from class path resource [applicationContext.xml]
[INFO ] [2018-01-29 09:52:17] com.tiza.gw.server.DtuServer [57] - DTU网关服务器启动...
[INFO ] [2018-01-29 09:52:41] com.tiza.gw.handler.DtuHandler [24] - 建立连接...
[INFO ] [2018-01-29 09:52:52] com.tiza.gw.handler.DtuHandler [24] - 建立连接...
[INFO ] [2018-01-29 09:56:05] org.springframework.context.support.ClassPathXmlApplicationContext [589] - Refreshing org.springframework.context.support.ClassPathXmlApplicationContext@c038203: startup date [Mon Jan 29 09:56:05 CST 2018]; root of context hierarchy
[INFO ] [2018-01-29 09:56:05] org.springframework.beans.factory.xml.XmlBeanDefinitionReader [316] - Loading XML bean definitions from class path resource [applicationContext.xml]
[INFO ] [2018-01-29 09:56:07] com.tiza.gw.server.DtuServer [57] - DTU网关服务器启动...
[INFO ] [2018-01-29 09:56:10] com.tiza.gw.handler.DtuHandler [24] - 建立连接...
[INFO ] [2018-01-29 09:56:12] com.tiza.gw.handler.codec.DtuDecoder [45] - 设备[355784012591111]注册...
[INFO ] [2018-01-29 09:56:30] com.tiza.gw.handler.DtuHandler [24] - 建立连接...
[INFO ] [2018-01-29 09:56:42] com.tiza.gw.handler.codec.DtuDecoder [45] - 设备[355784012591111]注册...
[INFO ] [2018-01-29 09:59:55] org.springframework.context.support.ClassPathXmlApplicationContext [589] - Refreshing org.springframework.context.support.ClassPathXmlApplicationContext@c038203: startup date [Mon Jan 29 09:59:55 CST 2018]; root of context hierarchy
[INFO ] [2018-01-29 09:59:55] org.springframework.beans.factory.xml.XmlBeanDefinitionReader [316] - Loading XML bean definitions from class path resource [applicationContext.xml]
[INFO ] [2018-01-29 09:59:56] com.tiza.gw.server.DtuServer [57] - DTU网关服务器启动...
[INFO ] [2018-01-29 10:00:00] com.tiza.gw.handler.DtuHandler [26] - 建立连接...
[INFO ] [2018-01-29 10:00:02] com.tiza.gw.handler.codec.DtuDecoder [45] - 设备[355784012591111]注册...
[INFO ] [2018-01-29 10:00:05] com.tiza.gw.handler.DtuHandler [26] - 建立连接...
[INFO ] [2018-01-29 10:00:06] com.tiza.gw.handler.codec.DtuDecoder [45] - 设备[355784012591111]注册...
[INFO ] [2018-01-29 10:00:10] com.tiza.gw.handler.DtuHandler [33] - 设备[355784012591111]断开连接...
[INFO ] [2018-01-29 10:00:13] com.tiza.gw.handler.DtuHandler [33] - 设备[355784012591111]断开连接...
[INFO ] [2018-01-29 10:00:14] com.tiza.gw.handler.DtuHandler [26] - 建立连接...
[INFO ] [2018-01-29 10:00:15] com.tiza.gw.handler.DtuHandler [26] - 建立连接...
[INFO ] [2018-01-29 10:00:17] com.tiza.gw.handler.codec.DtuDecoder [45] - 设备[355784012591111]注册...
[INFO ] [2018-01-29 10:00:19] com.tiza.gw.handler.codec.DtuDecoder [45] - 设备[355784012591111]注册...
[INFO ] [2018-01-29 10:03:34] org.springframework.context.support.ClassPathXmlApplicationContext [589] - Refreshing org.springframework.context.support.ClassPathXmlApplicationContext@1725dc0f: startup date [Mon Jan 29 10:03:34 CST 2018]; root of context hierarchy
[INFO ] [2018-01-29 10:03:34] org.springframework.beans.factory.xml.XmlBeanDefinitionReader [316] - Loading XML bean definitions from class path resource [applicationContext.xml]
[INFO ] [2018-01-29 10:03:35] com.tiza.gw.server.DtuServer [57] - DTU网关服务器启动...
[INFO ] [2018-01-29 10:03:47] com.tiza.gw.handler.DtuHandler [26] - 建立连接...
[INFO ] [2018-01-29 10:04:00] com.tiza.gw.handler.codec.DtuDecoder [55] - 收到设备[355784012591111]心跳...
[INFO ] [2018-01-29 10:04:12] com.tiza.gw.handler.DtuHandler [33] - 设备[355784012591111]断开连接...
[INFO ] [2018-01-29 10:04:14] com.tiza.gw.handler.DtuHandler [26] - 建立连接...
[INFO ] [2018-01-29 10:04:34] com.tiza.gw.handler.codec.DtuDecoder [55] - 收到设备[355784012591111]心跳...
[INFO ] [2018-01-29 10:04:47] com.tiza.gw.handler.codec.DtuDecoder [55] - 收到设备[355784012591111]心跳...
[INFO ] [2018-01-29 10:34:21] org.springframework.context.support.ClassPathXmlApplicationContext [589] - Refreshing org.springframework.context.support.ClassPathXmlApplicationContext@1725dc0f: startup date [Mon Jan 29 10:34:21 CST 2018]; root of context hierarchy
[INFO ] [2018-01-29 10:34:21] org.springframework.beans.factory.xml.XmlBeanDefinitionReader [316] - Loading XML bean definitions from class path resource [applicationContext.xml]
[INFO ] [2018-01-29 10:34:23] com.tiza.gw.server.DtuServer [57] - DTU网关服务器启动...
[INFO ] [2018-01-29 10:34:37] com.tiza.gw.handler.DtuHandler [26] - 建立连接...
[INFO ] [2018-01-29 10:35:08] com.tiza.gw.handler.codec.DtuDecoder [47] - 设备[355784012591111]注册...
[INFO ] [2018-01-29 10:35:08] com.tiza.gw.handler.DtuHandler [33] - 设备[355784012591111]断开连接...
[INFO ] [2018-01-29 10:37:09] org.springframework.context.support.ClassPathXmlApplicationContext [589] - Refreshing org.springframework.context.support.ClassPathXmlApplicationContext@1725dc0f: startup date [Mon Jan 29 10:37:09 CST 2018]; root of context hierarchy
[INFO ] [2018-01-29 10:37:09] org.springframework.beans.factory.xml.XmlBeanDefinitionReader [316] - Loading XML bean definitions from class path resource [applicationContext.xml]
[INFO ] [2018-01-29 10:37:11] com.tiza.gw.server.DtuServer [57] - DTU网关服务器启动...
[INFO ] [2018-01-29 10:37:14] com.tiza.gw.handler.DtuHandler [26] - 建立连接...
[INFO ] [2018-01-29 10:37:17] com.tiza.gw.handler.codec.DtuDecoder [47] - 设备[355784012591111]注册...
[INFO ] [2018-01-29 10:37:38] org.springframework.context.support.ClassPathXmlApplicationContext [589] - Refreshing org.springframework.context.support.ClassPathXmlApplicationContext@1725dc0f: startup date [Mon Jan 29 10:37:38 CST 2018]; root of context hierarchy
[INFO ] [2018-01-29 10:37:39] org.springframework.beans.factory.xml.XmlBeanDefinitionReader [316] - Loading XML bean definitions from class path resource [applicationContext.xml]
[INFO ] [2018-01-29 10:37:40] com.tiza.gw.server.DtuServer [57] - DTU网关服务器启动...
[INFO ] [2018-01-29 10:37:54] com.tiza.gw.handler.DtuHandler [26] - 建立连接...
[INFO ] [2018-01-29 10:37:55] com.tiza.gw.handler.codec.DtuDecoder [47] - 设备[355784012591111]注册...
[INFO ] [2018-01-29 11:19:26] org.springframework.context.support.ClassPathXmlApplicationContext [589] - Refreshing org.springframework.context.support.ClassPathXmlApplicationContext@c038203: startup date [Mon Jan 29 11:19:26 CST 2018]; root of context hierarchy
[INFO ] [2018-01-29 11:19:26] org.springframework.beans.factory.xml.XmlBeanDefinitionReader [316] - Loading XML bean definitions from class path resource [applicationContext.xml]
[INFO ] [2018-01-29 11:19:27] org.springframework.scheduling.annotation.ScheduledAnnotationBeanPostProcessor [274] - No TaskScheduler/ScheduledExecutorService bean found for scheduled processing
[INFO ] [2018-01-29 11:19:27] com.tiza.gw.server.DtuServer [57] - DTU网关服务器启动...
[INFO ] [2018-01-29 11:31:59] org.springframework.context.support.ClassPathXmlApplicationContext [589] - Refreshing org.springframework.context.support.ClassPathXmlApplicationContext@1725dc0f: startup date [Mon Jan 29 11:31:59 CST 2018]; root of context hierarchy
[INFO ] [2018-01-29 11:31:59] org.springframework.beans.factory.xml.XmlBeanDefinitionReader [316] - Loading XML bean definitions from class path resource [applicationContext.xml]
[INFO ] [2018-01-29 11:32:00] org.springframework.scheduling.annotation.ScheduledAnnotationBeanPostProcessor [274] - No TaskScheduler/ScheduledExecutorService bean found for scheduled processing
[INFO ] [2018-01-29 11:32:00] com.tiza.gw.server.DtuServer [57] - DTU网关服务器启动...
[INFO ] [2018-01-29 11:32:05] com.tiza.support.task.AutoSenderTask [50] - 下发查询指令, [从站地址:2, 功能码:3]...
[INFO ] [2018-01-29 11:32:05] com.tiza.gw.handler.DtuHandler [29] - 建立连接...
[INFO ] [2018-01-29 11:32:10] com.tiza.support.task.AutoSenderTask [50] - 下发查询指令, [从站地址:2, 功能码:3]...
[INFO ] [2018-01-29 11:32:15] com.tiza.support.task.AutoSenderTask [50] - 下发查询指令, [从站地址:2, 功能码:3]...
[INFO ] [2018-01-29 11:32:20] com.tiza.support.task.AutoSenderTask [50] - 下发查询指令, [从站地址:2, 功能码:3]...
[INFO ] [2018-01-29 11:32:23] com.tiza.gw.handler.codec.DtuDecoder [97] - 设备[355784012591111]注册...
[INFO ] [2018-01-29 11:32:25] com.tiza.support.task.AutoSenderTask [50] - 下发查询指令, [从站地址:2, 功能码:3]...
[INFO ] [2018-01-29 11:32:30] com.tiza.support.task.AutoSenderTask [50] - 下发查询指令, [从站地址:2, 功能码:3]...
[INFO ] [2018-01-29 11:32:35] com.tiza.support.task.AutoSenderTask [50] - 下发查询指令, [从站地址:2, 功能码:3]...
[INFO ] [2018-01-29 11:32:39] com.tiza.gw.handler.DtuHandler [37] - 设备[355784012591111]断开连接...
[INFO ] [2018-01-29 11:32:40] com.tiza.support.task.AutoSenderTask [50] - 下发查询指令, [从站地址:2, 功能码:3]...
[INFO ] [2018-01-29 11:32:45] com.tiza.support.task.AutoSenderTask [50] - 下发查询指令, [从站地址:2, 功能码:3]...
[INFO ] [2018-01-29 11:32:50] com.tiza.support.task.AutoSenderTask [50] - 下发查询指令, [从站地址:2, 功能码:3]...
[INFO ] [2018-01-29 11:32:55] com.tiza.support.task.AutoSenderTask [50] - 下发查询指令, [从站地址:2, 功能码:3]...
[INFO ] [2018-01-29 11:33:00] com.tiza.support.task.AutoSenderTask [50] - 下发查询指令, [从站地址:2, 功能码:3]...
[INFO ] [2018-01-29 11:33:05] com.tiza.support.task.AutoSenderTask [50] - 下发查询指令, [从站地址:2, 功能码:3]...
[INFO ] [2018-01-29 11:33:10] com.tiza.support.task.AutoSenderTask [50] - 下发查询指令, [从站地址:2, 功能码:3]...
[INFO ] [2018-01-29 11:33:15] com.tiza.support.task.AutoSenderTask [50] - 下发查询指令, [从站地址:2, 功能码:3]...
[INFO ] [2018-01-29 11:33:20] com.tiza.support.task.AutoSenderTask [50] - 下发查询指令, [从站地址:2, 功能码:3]...
[INFO ] [2018-01-29 11:33:25] com.tiza.support.task.AutoSenderTask [50] - 下发查询指令, [从站地址:2, 功能码:3]...
[INFO ] [2018-01-29 11:33:30] com.tiza.support.task.AutoSenderTask [50] - 下发查询指令, [从站地址:2, 功能码:3]...
[INFO ] [2018-01-29 11:33:35] com.tiza.support.task.AutoSenderTask [50] - 下发查询指令, [从站地址:2, 功能码:3]...
[INFO ] [2018-01-29 11:33:40] com.tiza.support.task.AutoSenderTask [50] - 下发查询指令, [从站地址:2, 功能码:3]...
[INFO ] [2018-01-29 11:33:45] com.tiza.support.task.AutoSenderTask [50] - 下发查询指令, [从站地址:2, 功能码:3]...
[INFO ] [2018-01-29 11:33:50] com.tiza.support.task.AutoSenderTask [50] - 下发查询指令, [从站地址:2, 功能码:3]...
[INFO ] [2018-01-29 11:33:55] com.tiza.support.task.AutoSenderTask [50] - 下发查询指令, [从站地址:2, 功能码:3]...
[INFO ] [2018-01-29 11:34:00] com.tiza.support.task.AutoSenderTask [50] - 下发查询指令, [从站地址:2, 功能码:3]...
[INFO ] [2018-01-29 11:34:05] com.tiza.support.task.AutoSenderTask [50] - 下发查询指令, [从站地址:2, 功能码:3]...
[INFO ] [2018-01-29 11:34:10] com.tiza.support.task.AutoSenderTask [50] - 下发查询指令, [从站地址:2, 功能码:3]...
[INFO ] [2018-01-29 11:34:15] com.tiza.support.task.AutoSenderTask [50] - 下发查询指令, [从站地址:2, 功能码:3]...
[INFO ] [2018-01-29 11:34:20] com.tiza.support.task.AutoSenderTask [50] - 下发查询指令, [从站地址:2, 功能码:3]...
[INFO ] [2018-01-29 11:34:25] com.tiza.support.task.AutoSenderTask [50] - 下发查询指令, [从站地址:2, 功能码:3]...
[INFO ] [2018-01-29 11:34:30] com.tiza.support.task.AutoSenderTask [50] - 下发查询指令, [从站地址:2, 功能码:3]...
[INFO ] [2018-01-29 11:34:35] com.tiza.support.task.AutoSenderTask [50] - 下发查询指令, [从站地址:2, 功能码:3]...
[INFO ] [2018-01-29 11:34:40] com.tiza.support.task.AutoSenderTask [50] - 下发查询指令, [从站地址:2, 功能码:3]...
[INFO ] [2018-01-29 11:34:45] com.tiza.support.task.AutoSenderTask [50] - 下发查询指令, [从站地址:2, 功能码:3]...
[INFO ] [2018-01-29 11:34:50] com.tiza.support.task.AutoSenderTask [50] - 下发查询指令, [从站地址:2, 功能码:3]...
[INFO ] [2018-01-29 11:34:55] com.tiza.support.task.AutoSenderTask [50] - 下发查询指令, [从站地址:2, 功能码:3]...
[INFO ] [2018-01-29 11:35:00] com.tiza.support.task.AutoSenderTask [50] - 下发查询指令, [从站地址:2, 功能码:3]...
[INFO ] [2018-01-29 11:35:05] com.tiza.support.task.AutoSenderTask [50] - 下发查询指令, [从站地址:2, 功能码:3]...
[INFO ] [2018-01-29 11:35:10] com.tiza.support.task.AutoSenderTask [50] - 下发查询指令, [从站地址:2, 功能码:3]...
[INFO ] [2018-01-29 11:35:15] com.tiza.support.task.AutoSenderTask [50] - 下发查询指令, [从站地址:2, 功能码:3]...
[INFO ] [2018-01-29 11:35:20] com.tiza.support.task.AutoSenderTask [50] - 下发查询指令, [从站地址:2, 功能码:3]...
[INFO ] [2018-01-29 11:35:25] com.tiza.support.task.AutoSenderTask [50] - 下发查询指令, [从站地址:2, 功能码:3]...
[INFO ] [2018-01-29 11:35:30] com.tiza.support.task.AutoSenderTask [50] - 下发查询指令, [从站地址:2, 功能码:3]...
[INFO ] [2018-01-29 11:35:35] com.tiza.support.task.AutoSenderTask [50] - 下发查询指令, [从站地址:2, 功能码:3]...
[INFO ] [2018-01-29 11:35:40] com.tiza.support.task.AutoSenderTask [50] - 下发查询指令, [从站地址:2, 功能码:3]...
[INFO ] [2018-01-29 11:35:45] com.tiza.support.task.AutoSenderTask [50] - 下发查询指令, [从站地址:2, 功能码:3]...
[INFO ] [2018-01-29 11:35:50] com.tiza.support.task.AutoSenderTask [50] - 下发查询指令, [从站地址:2, 功能码:3]...
[INFO ] [2018-01-29 11:35:55] com.tiza.support.task.AutoSenderTask [50] - 下发查询指令, [从站地址:2, 功能码:3]...
[INFO ] [2018-01-29 11:36:00] com.tiza.support.task.AutoSenderTask [50] - 下发查询指令, [从站地址:2, 功能码:3]...
[INFO ] [2018-01-29 11:36:05] com.tiza.support.task.AutoSenderTask [50] - 下发查询指令, [从站地址:2, 功能码:3]...
[INFO ] [2018-01-29 11:36:10] com.tiza.support.task.AutoSenderTask [50] - 下发查询指令, [从站地址:2, 功能码:3]...
[INFO ] [2018-01-29 11:36:15] com.tiza.support.task.AutoSenderTask [50] - 下发查询指令, [从站地址:2, 功能码:3]...
[INFO ] [2018-01-29 11:36:20] com.tiza.support.task.AutoSenderTask [50] - 下发查询指令, [从站地址:2, 功能码:3]...
[INFO ] [2018-01-29 11:36:25] com.tiza.support.task.AutoSenderTask [50] - 下发查询指令, [从站地址:2, 功能码:3]...
[INFO ] [2018-01-29 11:36:30] com.tiza.support.task.AutoSenderTask [50] - 下发查询指令, [从站地址:2, 功能码:3]...
[INFO ] [2018-01-29 11:36:35] com.tiza.support.task.AutoSenderTask [50] - 下发查询指令, [从站地址:2, 功能码:3]...
[INFO ] [2018-01-29 11:36:40] com.tiza.support.task.AutoSenderTask [50] - 下发查询指令, [从站地址:2, 功能码:3]...
[INFO ] [2018-01-29 11:36:45] com.tiza.support.task.AutoSenderTask [50] - 下发查询指令, [从站地址:2, 功能码:3]...
[INFO ] [2018-01-29 11:36:50] com.tiza.support.task.AutoSenderTask [50] - 下发查询指令, [从站地址:2, 功能码:3]...
[INFO ] [2018-01-29 11:36:55] com.tiza.support.task.AutoSenderTask [50] - 下发查询指令, [从站地址:2, 功能码:3]...
[INFO ] [2018-01-29 11:37:00] com.tiza.support.task.AutoSenderTask [50] - 下发查询指令, [从站地址:2, 功能码:3]...
[INFO ] [2018-01-29 11:37:05] com.tiza.support.task.AutoSenderTask [50] - 下发查询指令, [从站地址:2, 功能码:3]...
[INFO ] [2018-01-29 11:37:10] com.tiza.support.task.AutoSenderTask [50] - 下发查询指令, [从站地址:2, 功能码:3]...
[INFO ] [2018-01-29 11:37:15] com.tiza.support.task.AutoSenderTask [50] - 下发查询指令, [从站地址:2, 功能码:3]...
[INFO ] [2018-01-29 11:37:20] com.tiza.support.task.AutoSenderTask [50] - 下发查询指令, [从站地址:2, 功能码:3]...
[INFO ] [2018-01-29 11:37:25] com.tiza.support.task.AutoSenderTask [50] - 下发查询指令, [从站地址:2, 功能码:3]...
[INFO ] [2018-01-29 11:37:30] com.tiza.support.task.AutoSenderTask [50] - 下发查询指令, [从站地址:2, 功能码:3]...
[INFO ] [2018-01-29 11:37:35] com.tiza.support.task.AutoSenderTask [50] - 下发查询指令, [从站地址:2, 功能码:3]...
[INFO ] [2018-01-29 11:37:40] com.tiza.support.task.AutoSenderTask [50] - 下发查询指令, [从站地址:2, 功能码:3]...
[INFO ] [2018-01-29 11:37:45] com.tiza.support.task.AutoSenderTask [50] - 下发查询指令, [从站地址:2, 功能码:3]...
[INFO ] [2018-01-29 11:37:50] com.tiza.support.task.AutoSenderTask [50] - 下发查询指令, [从站地址:2, 功能码:3]...
[INFO ] [2018-01-29 11:37:55] com.tiza.support.task.AutoSenderTask [50] - 下发查询指令, [从站地址:2, 功能码:3]...
[INFO ] [2018-01-29 11:38:00] com.tiza.support.task.AutoSenderTask [50] - 下发查询指令, [从站地址:2, 功能码:3]...
[INFO ] [2018-01-29 11:38:05] com.tiza.support.task.AutoSenderTask [50] - 下发查询指令, [从站地址:2, 功能码:3]...
[INFO ] [2018-01-29 11:38:10] com.tiza.support.task.AutoSenderTask [50] - 下发查询指令, [从站地址:2, 功能码:3]...
[INFO ] [2018-01-29 11:38:15] com.tiza.support.task.AutoSenderTask [50] - 下发查询指令, [从站地址:2, 功能码:3]...
[INFO ] [2018-01-29 11:38:20] com.tiza.support.task.AutoSenderTask [50] - 下发查询指令, [从站地址:2, 功能码:3]...
[INFO ] [2018-01-29 11:38:25] com.tiza.support.task.AutoSenderTask [50] - 下发查询指令, [从站地址:2, 功能码:3]...
[INFO ] [2018-01-29 11:38:30] com.tiza.support.task.AutoSenderTask [50] - 下发查询指令, [从站地址:2, 功能码:3]...
[INFO ] [2018-01-29 11:38:35] com.tiza.support.task.AutoSenderTask [50] - 下发查询指令, [从站地址:2, 功能码:3]...
[INFO ] [2018-01-29 11:38:40] com.tiza.support.task.AutoSenderTask [50] - 下发查询指令, [从站地址:2, 功能码:3]...
[INFO ] [2018-01-29 11:38:45] com.tiza.support.task.AutoSenderTask [50] - 下发查询指令, [从站地址:2, 功能码:3]...
[INFO ] [2018-01-29 11:38:50] com.tiza.support.task.AutoSenderTask [50] - 下发查询指令, [从站地址:2, 功能码:3]...
[INFO ] [2018-01-29 11:38:55] com.tiza.support.task.AutoSenderTask [50] - 下发查询指令, [从站地址:2, 功能码:3]...
[INFO ] [2018-01-29 11:39:00] com.tiza.support.task.AutoSenderTask [50] - 下发查询指令, [从站地址:2, 功能码:3]...
[INFO ] [2018-01-29 11:39:05] com.tiza.support.task.AutoSenderTask [50] - 下发查询指令, [从站地址:2, 功能码:3]...
[INFO ] [2018-01-29 11:39:10] com.tiza.support.task.AutoSenderTask [50] - 下发查询指令, [从站地址:2, 功能码:3]...
[INFO ] [2018-01-29 11:39:15] com.tiza.support.task.AutoSenderTask [50] - 下发查询指令, [从站地址:2, 功能码:3]...
[INFO ] [2018-01-29 11:39:27] org.springframework.context.support.ClassPathXmlApplicationContext [589] - Refreshing org.springframework.context.support.ClassPathXmlApplicationContext@1725dc0f: startup date [Mon Jan 29 11:39:27 CST 2018]; root of context hierarchy
[INFO ] [2018-01-29 11:39:27] org.springframework.beans.factory.xml.XmlBeanDefinitionReader [316] - Loading XML bean definitions from class path resource [applicationContext.xml]
[INFO ] [2018-01-29 11:39:28] org.springframework.scheduling.annotation.ScheduledAnnotationBeanPostProcessor [274] - No TaskScheduler/ScheduledExecutorService bean found for scheduled processing
[INFO ] [2018-01-29 11:39:29] com.tiza.gw.server.DtuServer [57] - DTU网关服务器启动...
[INFO ] [2018-01-29 11:39:33] com.tiza.gw.handler.DtuHandler [29] - 建立连接...
[INFO ] [2018-01-29 11:39:33] com.tiza.support.task.AutoSenderTask [50] - 下发查询指令, [从站地址:2, 功能码:3]...
[INFO ] [2018-01-29 11:39:35] com.tiza.gw.handler.codec.DtuDecoder [97] - 设备[355784012591111]注册...
[INFO ] [2018-01-29 11:39:38] com.tiza.support.task.AutoSenderTask [50] - 下发查询指令, [从站地址:2, 功能码:3]...
[INFO ] [2018-01-29 11:39:43] com.tiza.support.task.AutoSenderTask [50] - 下发查询指令, [从站地址:2, 功能码:3]...
[INFO ] [2018-01-29 11:39:48] com.tiza.support.task.AutoSenderTask [50] - 下发查询指令, [从站地址:2, 功能码:3]...
[INFO ] [2018-01-29 11:39:52] com.tiza.gw.handler.DtuHandler [37] - 设备[355784012591111]断开连接...
[INFO ] [2018-01-29 11:39:53] com.tiza.support.task.AutoSenderTask [50] - 下发查询指令, [从站地址:2, 功能码:3]...
[INFO ] [2018-01-29 11:39:58] com.tiza.support.task.AutoSenderTask [50] - 下发查询指令, [从站地址:2, 功能码:3]...
[INFO ] [2018-01-29 11:40:03] com.tiza.support.task.AutoSenderTask [50] - 下发查询指令, [从站地址:2, 功能码:3]...
[INFO ] [2018-01-29 11:40:08] com.tiza.support.task.AutoSenderTask [50] - 下发查询指令, [从站地址:2, 功能码:3]...
[INFO ] [2018-01-29 11:40:13] com.tiza.support.task.AutoSenderTask [50] - 下发查询指令, [从站地址:2, 功能码:3]...
[INFO ] [2018-01-29 11:40:18] com.tiza.support.task.AutoSenderTask [50] - 下发查询指令, [从站地址:2, 功能码:3]...
[INFO ] [2018-01-29 11:40:23] com.tiza.support.task.AutoSenderTask [50] - 下发查询指令, [从站地址:2, 功能码:3]...
[INFO ] [2018-01-29 11:40:26] com.tiza.gw.handler.DtuHandler [29] - 建立连接...
[INFO ] [2018-01-29 11:40:28] com.tiza.support.task.AutoSenderTask [50] - 下发查询指令, [从站地址:2, 功能码:3]...
[INFO ] [2018-01-29 11:40:33] com.tiza.support.task.AutoSenderTask [50] - 下发查询指令, [从站地址:2, 功能码:3]...
[INFO ] [2018-01-29 11:40:38] com.tiza.support.task.AutoSenderTask [50] - 下发查询指令, [从站地址:2, 功能码:3]...
[INFO ] [2018-01-29 11:40:42] com.tiza.gw.handler.codec.DtuDecoder [97] - 设备[355784012591111]注册...
[INFO ] [2018-01-29 11:40:43] com.tiza.support.task.AutoSenderTask [50] - 下发查询指令, [从站地址:2, 功能码:3]...
[INFO ] [2018-01-29 11:40:48] com.tiza.support.task.AutoSenderTask [50] - 下发查询指令, [从站地址:2, 功能码:3]...
[INFO ] [2018-01-29 11:40:53] com.tiza.support.task.AutoSenderTask [50] - 下发查询指令, [从站地址:2, 功能码:3]...
[INFO ] [2018-01-29 11:40:58] com.tiza.support.task.AutoSenderTask [50] - 下发查询指令, [从站地址:2, 功能码:3]...
[INFO ] [2018-01-29 11:41:03] com.tiza.support.task.AutoSenderTask [50] - 下发查询指令, [从站地址:2, 功能码:3]...
[INFO ] [2018-01-29 11:41:08] com.tiza.support.task.AutoSenderTask [50] - 下发查询指令, [从站地址:2, 功能码:3]...
[INFO ] [2018-01-29 11:41:13] com.tiza.support.task.AutoSenderTask [50] - 下发查询指令, [从站地址:2, 功能码:3]...
[INFO ] [2018-01-29 11:41:18] com.tiza.support.task.AutoSenderTask [50] - 下发查询指令, [从站地址:2, 功能码:3]...
[INFO ] [2018-01-29 11:41:23] com.tiza.support.task.AutoSenderTask [50] - 下发查询指令, [从站地址:2, 功能码:3]...
[INFO ] [2018-01-29 11:41:28] com.tiza.support.task.AutoSenderTask [50] - 下发查询指令, [从站地址:2, 功能码:3]...
[INFO ] [2018-01-29 11:41:33] com.tiza.support.task.AutoSenderTask [50] - 下发查询指令, [从站地址:2, 功能码:3]...
[INFO ] [2018-01-29 11:41:38] com.tiza.support.task.AutoSenderTask [50] - 下发查询指令, [从站地址:2, 功能码:3]...
[INFO ] [2018-01-29 11:41:43] com.tiza.support.task.AutoSenderTask [50] - 下发查询指令, [从站地址:2, 功能码:3]...
[INFO ] [2018-01-29 11:41:48] com.tiza.gw.handler.DtuHandler [37] - 设备[355784012591111]断开连接...
[INFO ] [2018-01-29 11:41:48] com.tiza.support.task.AutoSenderTask [50] - 下发查询指令, [从站地址:2, 功能码:3]...
[INFO ] [2018-01-29 11:41:53] com.tiza.support.task.AutoSenderTask [50] - 下发查询指令, [从站地址:2, 功能码:3]...
[INFO ] [2018-01-29 11:41:58] com.tiza.support.task.AutoSenderTask [50] - 下发查询指令, [从站地址:2, 功能码:3]...
[INFO ] [2018-01-29 11:42:03] com.tiza.support.task.AutoSenderTask [50] - 下发查询指令, [从站地址:2, 功能码:3]...
[INFO ] [2018-01-29 11:42:08] com.tiza.support.task.AutoSenderTask [50] - 下发查询指令, [从站地址:2, 功能码:3]...
[INFO ] [2018-01-29 11:42:13] com.tiza.support.task.AutoSenderTask [50] - 下发查询指令, [从站地址:2, 功能码:3]...
[INFO ] [2018-01-29 11:42:18] com.tiza.support.task.AutoSenderTask [50] - 下发查询指令, [从站地址:2, 功能码:3]...
[INFO ] [2018-01-29 11:42:23] com.tiza.support.task.AutoSenderTask [50] - 下发查询指令, [从站地址:2, 功能码:3]...
[INFO ] [2018-01-29 11:42:28] com.tiza.support.task.AutoSenderTask [50] - 下发查询指令, [从站地址:2, 功能码:3]...
[INFO ] [2018-01-29 11:42:33] com.tiza.support.task.AutoSenderTask [50] - 下发查询指令, [从站地址:2, 功能码:3]...
[INFO ] [2018-01-29 11:42:38] com.tiza.support.task.AutoSenderTask [50] - 下发查询指令, [从站地址:2, 功能码:3]...
[INFO ] [2018-01-29 11:42:43] com.tiza.support.task.AutoSenderTask [50] - 下发查询指令, [从站地址:2, 功能码:3]...
[INFO ] [2018-01-29 13:43:35] org.springframework.context.support.ClassPathXmlApplicationContext [589] - Refreshing org.springframework.context.support.ClassPathXmlApplicationContext@c038203: startup date [Mon Jan 29 13:43:35 CST 2018]; root of context hierarchy
[INFO ] [2018-01-29 13:43:35] org.springframework.beans.factory.xml.XmlBeanDefinitionReader [316] - Loading XML bean definitions from class path resource [applicationContext.xml]
[INFO ] [2018-01-29 13:43:36] org.springframework.scheduling.annotation.ScheduledAnnotationBeanPostProcessor [274] - No TaskScheduler/ScheduledExecutorService bean found for scheduled processing
[INFO ] [2018-01-29 13:43:37] com.tiza.gw.server.DtuServer [57] - DTU网关服务器启动...
[INFO ] [2018-01-29 13:44:01] com.tiza.gw.handler.DtuHandler [29] - 建立连接...
[INFO ] [2018-01-29 13:44:02] com.tiza.gw.handler.codec.DtuDecoder [106] - 设备[355784012591111]注册...
[INFO ] [2018-01-29 13:44:27] com.tiza.gw.handler.DtuHandler [29] - 建立连接...
[INFO ] [2018-01-29 13:45:03] com.tiza.gw.handler.codec.DtuDecoder [55] - 收到设备[355784012591111]心跳...
[INFO ] [2018-01-29 13:45:09] com.tiza.gw.handler.codec.DtuDecoder [106] - 设备[355784012591111]注册...
[INFO ] [2018-01-29 13:45:38] com.tiza.gw.handler.DtuHandler [37] - 设备[355784012591111]断开连接...
[INFO ] [2018-01-29 14:23:18] org.springframework.context.support.ClassPathXmlApplicationContext [589] - Refreshing org.springframework.context.support.ClassPathXmlApplicationContext@1725dc0f: startup date [Mon Jan 29 14:23:18 CST 2018]; root of context hierarchy
[INFO ] [2018-01-29 14:23:19] org.springframework.beans.factory.xml.XmlBeanDefinitionReader [316] - Loading XML bean definitions from class path resource [applicationContext.xml]
[INFO ] [2018-01-29 14:23:33] org.springframework.context.support.ClassPathXmlApplicationContext [589] - Refreshing org.springframework.context.support.ClassPathXmlApplicationContext@1725dc0f: startup date [Mon Jan 29 14:23:33 CST 2018]; root of context hierarchy
[INFO ] [2018-01-29 14:23:33] org.springframework.beans.factory.xml.XmlBeanDefinitionReader [316] - Loading XML bean definitions from class path resource [applicationContext.xml]
[INFO ] [2018-01-29 14:23:34] org.springframework.scheduling.annotation.ScheduledAnnotationBeanPostProcessor [274] - No TaskScheduler/ScheduledExecutorService bean found for scheduled processing
[INFO ] [2018-01-29 14:23:35] com.tiza.gw.server.DtuServer [57] - DTU网关服务器启动...
[INFO ] [2018-01-29 14:23:36] com.tiza.gw.handler.DtuHandler [29] - 建立连接...
[INFO ] [2018-01-29 14:23:37] com.tiza.gw.handler.codec.DtuDecoder [106] - 设备[355784012783916]注册...
[INFO ] [2018-01-29 14:23:39] com.tiza.support.task.AutoSenderTask [50] - 下发查询指令, [从站地址:2, 功能码:3, 在线终端:[355784012783916]]...
[INFO ] [2018-01-29 14:23:40] com.tiza.gw.handler.codec.DtuDecoder [93] - 收到设备[355784012783916]数据[02 03 14 43 9B 00 00 43 A7 80 00 00 00 00 00 00 00 00 00 00 00 00 00]...
[INFO ] [2018-01-29 14:23:55] com.tiza.gw.handler.DtuHandler [29] - 建立连接...
[INFO ] [2018-01-29 14:23:56] com.tiza.gw.handler.codec.DtuDecoder [106] - 设备[355784012591111]注册...
[INFO ] [2018-01-29 14:24:41] com.tiza.gw.handler.codec.DtuDecoder [55] - 收到设备[355784012783916]心跳...
[INFO ] [2018-01-29 14:24:56] com.tiza.gw.handler.codec.DtuDecoder [55] - 收到设备[355784012591111]心跳...
[INFO ] [2018-01-29 14:25:42] com.tiza.gw.handler.codec.DtuDecoder [55] - 收到设备[355784012783916]心跳...
[INFO ] [2018-01-29 14:26:03] org.springframework.context.support.ClassPathXmlApplicationContext [589] - Refreshing org.springframework.context.support.ClassPathXmlApplicationContext@1725dc0f: startup date [Mon Jan 29 14:26:03 CST 2018]; root of context hierarchy
[INFO ] [2018-01-29 14:26:11] org.springframework.context.support.ClassPathXmlApplicationContext [589] - Refreshing org.springframework.context.support.ClassPathXmlApplicationContext@1725dc0f: startup date [Mon Jan 29 14:26:11 CST 2018]; root of context hierarchy
[INFO ] [2018-01-29 14:26:11] org.springframework.beans.factory.xml.XmlBeanDefinitionReader [316] - Loading XML bean definitions from class path resource [applicationContext.xml]
[INFO ] [2018-01-29 14:26:13] org.springframework.scheduling.annotation.ScheduledAnnotationBeanPostProcessor [274] - No TaskScheduler/ScheduledExecutorService bean found for scheduled processing
[INFO ] [2018-01-29 14:26:13] com.tiza.gw.server.DtuServer [57] - DTU网关服务器启动...
[INFO ] [2018-01-29 14:26:21] org.springframework.context.support.ClassPathXmlApplicationContext [589] - Refreshing org.springframework.context.support.ClassPathXmlApplicationContext@1725dc0f: startup date [Mon Jan 29 14:26:21 CST 2018]; root of context hierarchy
[INFO ] [2018-01-29 14:26:21] org.springframework.beans.factory.xml.XmlBeanDefinitionReader [316] - Loading XML bean definitions from class path resource [applicationContext.xml]
[INFO ] [2018-01-29 14:26:22] org.springframework.scheduling.annotation.ScheduledAnnotationBeanPostProcessor [274] - No TaskScheduler/ScheduledExecutorService bean found for scheduled processing
[INFO ] [2018-01-29 14:26:22] com.tiza.gw.server.DtuServer [57] - DTU网关服务器启动...
[INFO ] [2018-01-29 14:26:26] com.tiza.gw.handler.DtuHandler [29] - 建立连接...
[INFO ] [2018-01-29 14:26:27] com.tiza.support.task.AutoSenderTask [50] - 下发查询指令, [从站地址:2, 功能码:3, 在线终端:[]]...
[INFO ] [2018-01-29 14:26:27] com.tiza.gw.handler.codec.DtuDecoder [106] - 设备[355784012591111]注册...
[INFO ] [2018-01-29 14:26:29] com.tiza.gw.handler.DtuHandler [29] - 建立连接...
[INFO ] [2018-01-29 14:26:30] com.tiza.gw.handler.codec.DtuDecoder [106] - 设备[355784012783916]注册...
[INFO ] [2018-01-29 14:27:27] com.tiza.support.task.AutoSenderTask [50] - 下发查询指令, [从站地址:2, 功能码:3, 在线终端:[355784012783916, 355784012591111]]...
[INFO ] [2018-01-29 14:27:28] com.tiza.gw.handler.codec.DtuDecoder [55] - 收到设备[355784012591111]心跳...
[INFO ] [2018-01-29 14:27:29] com.tiza.gw.handler.codec.DtuDecoder [93] - 收到设备[355784012783916]数据[02 03 0A 43 9B 00 00 43 A7 80 00 00 00]...
[INFO ] [2018-01-29 14:28:27] com.tiza.support.task.AutoSenderTask [50] - 下发查询指令, [从站地址:2, 功能码:3, 在线终端:[355784012783916, 355784012591111]]...
[INFO ] [2018-01-29 14:28:29] com.tiza.gw.handler.codec.DtuDecoder [93] - 收到设备[355784012783916]数据[02 03 0A 43 9B 00 00 43 A7 80 00 00 00]...
[INFO ] [2018-01-29 14:29:27] com.tiza.support.task.AutoSenderTask [50] - 下发查询指令, [从站地址:2, 功能码:3, 在线终端:[355784012783916, 355784012591111]]...
[INFO ] [2018-01-29 14:29:29] com.tiza.gw.handler.codec.DtuDecoder [93] - 收到设备[355784012783916]数据[02 03 0A 43 9B 00 00 43 A7 80 00 00 00]...
[INFO ] [2018-01-29 14:30:27] com.tiza.support.task.AutoSenderTask [50] - 下发查询指令, [从站地址:2, 功能码:3, 在线终端:[355784012783916, 355784012591111]]...
[INFO ] [2018-01-29 14:30:28] com.tiza.gw.handler.codec.DtuDecoder [55] - 收到设备[355784012591111]心跳...
[INFO ] [2018-01-29 14:30:29] com.tiza.gw.handler.codec.DtuDecoder [93] - 收到设备[355784012783916]数据[02 03 0A 43 9B 00 00 43 A7 80 00 00 00]...
[INFO ] [2018-01-29 14:31:27] com.tiza.support.task.AutoSenderTask [50] - 下发查询指令, [从站地址:2, 功能码:3, 在线终端:[355784012783916, 355784012591111]]...
[INFO ] [2018-01-29 14:31:28] com.tiza.gw.handler.codec.DtuDecoder [93] - 收到设备[355784012783916]数据[02 03 0A 43 9B 00 00 43 A7 80 00 00 00]...
[INFO ] [2018-01-29 14:32:27] com.tiza.support.task.AutoSenderTask [50] - 下发查询指令, [从站地址:2, 功能码:3, 在线终端:[355784012783916, 355784012591111]]...
[INFO ] [2018-01-29 14:32:29] com.tiza.gw.handler.codec.DtuDecoder [93] - 收到设备[355784012783916]数据[02 03 0A 43 9B 00 00 43 A7 80 00 00 00]...
[INFO ] [2018-01-29 14:33:27] com.tiza.support.task.AutoSenderTask [50] - 下发查询指令, [从站地址:2, 功能码:3, 在线终端:[355784012783916, 355784012591111]]...
[INFO ] [2018-01-29 14:33:28] com.tiza.gw.handler.codec.DtuDecoder [55] - 收到设备[355784012591111]心跳...
[INFO ] [2018-01-29 14:33:29] com.tiza.gw.handler.codec.DtuDecoder [93] - 收到设备[355784012783916]数据[02 03 0A 43 9B 00 00 43 A7 80 00 00 00]...
[INFO ] [2018-01-29 14:34:27] com.tiza.support.task.AutoSenderTask [50] - 下发查询指令, [从站地址:2, 功能码:3, 在线终端:[355784012783916, 355784012591111]]...
[INFO ] [2018-01-29 14:35:10] com.tiza.gw.handler.codec.DtuDecoder [93] - 收到设备[355784012783916]数据[02 03 0A 43 9B 00 00 43 A7 80 00 00 00]...
[INFO ] [2018-01-29 14:36:01] org.springframework.context.support.ClassPathXmlApplicationContext [589] - Refreshing org.springframework.context.support.ClassPathXmlApplicationContext@1725dc0f: startup date [Mon Jan 29 14:36:01 CST 2018]; root of context hierarchy
[INFO ] [2018-01-29 14:36:01] org.springframework.beans.factory.xml.XmlBeanDefinitionReader [316] - Loading XML bean definitions from class path resource [applicationContext.xml]
[INFO ] [2018-01-29 14:36:02] org.springframework.scheduling.annotation.ScheduledAnnotationBeanPostProcessor [274] - No TaskScheduler/ScheduledExecutorService bean found for scheduled processing
[INFO ] [2018-01-29 14:36:02] com.tiza.gw.server.DtuServer [57] - DTU网关服务器启动...
[INFO ] [2018-01-29 14:36:04] com.tiza.gw.handler.DtuHandler [29] - 建立连接...
[INFO ] [2018-01-29 14:36:05] com.tiza.gw.handler.codec.DtuDecoder [106] - 设备[355784012591111]注册...
[INFO ] [2018-01-29 14:36:07] com.tiza.gw.handler.DtuHandler [29] - 建立连接...
[INFO ] [2018-01-29 14:36:07] com.tiza.support.task.AutoSenderTask [50] - 下发查询指令, [从站地址:2, 功能码:3, 在线终端:[355784012591111]]...
[INFO ] [2018-01-29 14:36:08] com.tiza.gw.handler.codec.DtuDecoder [106] - 设备[355784012783916]注册...
[INFO ] [2018-01-29 14:37:07] com.tiza.support.task.AutoSenderTask [50] - 下发查询指令, [从站地址:2, 功能码:3, 在线终端:[355784012783916, 355784012591111]]...
[INFO ] [2018-01-29 14:37:08] com.tiza.gw.handler.codec.DtuDecoder [55] - 收到设备[355784012783916]心跳...
[INFO ] [2018-01-29 14:37:15] com.tiza.gw.handler.codec.DtuDecoder [93] - 收到设备[355784012783916]数据[02 03 0C 43 9B 00 00 43 A7 80 00 00 00 00 00]...
[INFO ] [2018-01-29 14:37:54] org.springframework.context.support.ClassPathXmlApplicationContext [589] - Refreshing org.springframework.context.support.ClassPathXmlApplicationContext@1725dc0f: startup date [Mon Jan 29 14:37:54 CST 2018]; root of context hierarchy
[INFO ] [2018-01-29 14:37:54] org.springframework.beans.factory.xml.XmlBeanDefinitionReader [316] - Loading XML bean definitions from class path resource [applicationContext.xml]
[INFO ] [2018-01-29 14:37:55] org.springframework.scheduling.annotation.ScheduledAnnotationBeanPostProcessor [274] - No TaskScheduler/ScheduledExecutorService bean found for scheduled processing
[INFO ] [2018-01-29 14:37:56] com.tiza.gw.server.DtuServer [57] - DTU网关服务器启动...
[INFO ] [2018-01-29 14:37:57] com.tiza.gw.handler.DtuHandler [29] - 建立连接...
[INFO ] [2018-01-29 14:37:58] com.tiza.gw.handler.DtuHandler [29] - 建立连接...
[INFO ] [2018-01-29 14:37:58] com.tiza.gw.handler.codec.DtuDecoder [106] - 设备[355784012591111]注册...
[INFO ] [2018-01-29 14:37:59] com.tiza.gw.handler.codec.DtuDecoder [106] - 设备[355784012783916]注册...
[INFO ] [2018-01-29 14:38:00] com.tiza.support.task.AutoSenderTask [50] - 下发查询指令, [从站地址:2, 功能码:3, 在线终端:[355784012783916, 355784012591111]]...
[INFO ] [2018-01-29 14:38:01] com.tiza.gw.handler.codec.DtuDecoder [93] - 收到设备[355784012783916]数据[02 03 0E 43 9B 00 00 43 A7 80 00 00 00 00 00 00 00]...
[INFO ] [2018-01-29 14:39:11] org.springframework.context.support.ClassPathXmlApplicationContext [589] - Refreshing org.springframework.context.support.ClassPathXmlApplicationContext@1725dc0f: startup date [Mon Jan 29 14:39:11 CST 2018]; root of context hierarchy
[INFO ] [2018-01-29 14:39:12] org.springframework.beans.factory.xml.XmlBeanDefinitionReader [316] - Loading XML bean definitions from class path resource [applicationContext.xml]
[INFO ] [2018-01-29 14:39:13] org.springframework.scheduling.annotation.ScheduledAnnotationBeanPostProcessor [274] - No TaskScheduler/ScheduledExecutorService bean found for scheduled processing
[INFO ] [2018-01-29 14:39:13] com.tiza.gw.server.DtuServer [57] - DTU网关服务器启动...
[INFO ] [2018-01-29 14:39:18] com.tiza.support.task.AutoSenderTask [50] - 下发查询指令, [从站地址:2, 功能码:3, 在线终端:[]]...
[INFO ] [2018-01-29 14:39:29] com.tiza.gw.handler.DtuHandler [29] - 建立连接...
[INFO ] [2018-01-29 14:39:30] com.tiza.gw.handler.codec.DtuDecoder [106] - 设备[355784012591111]注册...
[INFO ] [2018-01-29 14:39:32] com.tiza.gw.handler.DtuHandler [29] - 建立连接...
[INFO ] [2018-01-29 14:39:32] com.tiza.gw.handler.codec.DtuDecoder [106] - 设备[355784012783916]注册...
[INFO ] [2018-01-29 14:40:18] com.tiza.support.task.AutoSenderTask [50] - 下发查询指令, [从站地址:2, 功能码:3, 在线终端:[355784012783916, 355784012591111]]...
[INFO ] [2018-01-29 14:40:20] com.tiza.gw.handler.codec.DtuDecoder [93] - 收到设备[355784012783916]数据[02 03 22 43 9B 00 00 43 A7 80 00 00 00 00 00 00 00 00 00 00 00 00 00 00 00 00 00 00 00 00 00 00 00 00 00 00 00]...
[INFO ] [2018-01-29 16:29:59] org.springframework.context.support.ClassPathXmlApplicationContext [589] - Refreshing org.springframework.context.support.ClassPathXmlApplicationContext@1725dc0f: startup date [Mon Jan 29 16:29:59 CST 2018]; root of context hierarchy
[INFO ] [2018-01-29 16:29:59] org.springframework.beans.factory.xml.XmlBeanDefinitionReader [316] - Loading XML bean definitions from class path resource [applicationContext.xml]
[INFO ] [2018-01-29 16:30:00] org.springframework.scheduling.annotation.ScheduledAnnotationBeanPostProcessor [274] - No TaskScheduler/ScheduledExecutorService bean found for scheduled processing
[INFO ] [2018-01-29 16:30:00] com.tiza.gw.server.DtuServer [57] - DTU网关服务器启动...
[INFO ] [2018-01-29 16:30:01] com.tiza.gw.handler.DtuHandler [29] - 建立连接...
[INFO ] [2018-01-29 16:30:02] com.tiza.gw.handler.DtuHandler [29] - 建立连接...
[INFO ] [2018-01-29 16:30:03] com.tiza.gw.handler.codec.DtuDecoder [106] - 设备[355784012591111]注册...
[INFO ] [2018-01-29 16:30:03] com.tiza.gw.handler.codec.DtuDecoder [106] - 设备[355784012783916]注册...
[INFO ] [2018-01-29 16:30:05] com.tiza.support.task.AutoSenderTask [50] - 下发查询指令, [从站地址:2, 功能码:3, 在线终端:[355784012783916, 355784012591111]]...
[INFO ] [2018-01-29 16:30:06] com.tiza.gw.handler.codec.DtuDecoder [93] - 收到设备[355784012783916]数据[02 03 22 43 9B 00 00 43 A7 80 00 00 00 00 00 00 00 00 00 00 00 00 00 00 00 00 00 00 00 00 00 00 00 00 00 00 00]...
[INFO ] [2018-01-29 16:31:12] org.springframework.context.support.ClassPathXmlApplicationContext [589] - Refreshing org.springframework.context.support.ClassPathXmlApplicationContext@1725dc0f: startup date [Mon Jan 29 16:31:12 CST 2018]; root of context hierarchy
[INFO ] [2018-01-29 16:31:12] org.springframework.beans.factory.xml.XmlBeanDefinitionReader [316] - Loading XML bean definitions from class path resource [applicationContext.xml]
[INFO ] [2018-01-29 16:31:13] org.springframework.scheduling.annotation.ScheduledAnnotationBeanPostProcessor [274] - No TaskScheduler/ScheduledExecutorService bean found for scheduled processing
[INFO ] [2018-01-29 16:31:13] com.tiza.gw.server.DtuServer [57] - DTU网关服务器启动...
[INFO ] [2018-01-29 16:31:16] com.tiza.gw.handler.DtuHandler [29] - 建立连接...
[INFO ] [2018-01-29 16:31:16] com.tiza.gw.handler.codec.DtuDecoder [106] - 设备[355784012783916]注册...
[INFO ] [2018-01-29 16:31:18] com.tiza.support.task.AutoSenderTask [50] - 下发查询指令, [从站地址:2, 功能码:3, 在线终端:[355784012783916]]...
[INFO ] [2018-01-29 16:31:19] com.tiza.gw.handler.codec.DtuDecoder [93] - 收到设备[355784012783916]数据[02 03 28 43 9B 00 00 43 A7 80 00 00 00 00 00 00 00 00 00 00 00 00 00 00 00 00 00 00 00 00 00 00 00 00 00 00 00 03 E8 C2 F6 CC CD]...
[INFO ] [2018-01-29 16:31:39] org.springframework.context.support.ClassPathXmlApplicationContext [589] - Refreshing org.springframework.context.support.ClassPathXmlApplicationContext@1725dc0f: startup date [Mon Jan 29 16:31:39 CST 2018]; root of context hierarchy
[INFO ] [2018-01-29 16:31:39] org.springframework.beans.factory.xml.XmlBeanDefinitionReader [316] - Loading XML bean definitions from class path resource [applicationContext.xml]
[INFO ] [2018-01-29 16:31:41] org.springframework.scheduling.annotation.ScheduledAnnotationBeanPostProcessor [274] - No TaskScheduler/ScheduledExecutorService bean found for scheduled processing
[INFO ] [2018-01-29 16:31:41] com.tiza.gw.server.DtuServer [57] - DTU网关服务器启动...
[INFO ] [2018-01-29 16:31:43] com.tiza.gw.handler.DtuHandler [29] - 建立连接...
[INFO ] [2018-01-29 16:31:44] com.tiza.gw.handler.codec.DtuDecoder [106] - 设备[355784012591111]注册...
[INFO ] [2018-01-29 16:31:46] com.tiza.support.task.AutoSenderTask [50] - 下发查询指令, [从站地址:2, 功能码:3, 在线终端:[355784012591111]]...
[INFO ] [2018-01-29 16:32:26] org.springframework.context.support.ClassPathXmlApplicationContext [589] - Refreshing org.springframework.context.support.ClassPathXmlApplicationContext@1725dc0f: startup date [Mon Jan 29 16:32:26 CST 2018]; root of context hierarchy
[INFO ] [2018-01-29 16:32:26] org.springframework.beans.factory.xml.XmlBeanDefinitionReader [316] - Loading XML bean definitions from class path resource [applicationContext.xml]
[INFO ] [2018-01-29 16:32:27] org.springframework.scheduling.annotation.ScheduledAnnotationBeanPostProcessor [274] - No TaskScheduler/ScheduledExecutorService bean found for scheduled processing
[INFO ] [2018-01-29 16:32:27] com.tiza.gw.server.DtuServer [57] - DTU网关服务器启动...
[INFO ] [2018-01-29 16:32:28] com.tiza.gw.handler.DtuHandler [29] - 建立连接...
[INFO ] [2018-01-29 16:32:28] com.tiza.gw.handler.DtuHandler [29] - 建立连接...
[INFO ] [2018-01-29 16:32:29] com.tiza.gw.handler.codec.DtuDecoder [106] - 设备[355784012783916]注册...
[INFO ] [2018-01-29 16:32:29] com.tiza.gw.handler.codec.DtuDecoder [106] - 设备[355784012591111]注册...
[INFO ] [2018-01-29 16:32:32] com.tiza.support.task.AutoSenderTask [50] - 下发查询指令, [从站地址:2, 功能码:3, 在线终端:[355784012783916, 355784012591111]]...
[INFO ] [2018-01-29 16:32:33] com.tiza.gw.handler.codec.DtuDecoder [93] - 收到设备[355784012783916]数据[02 03 28 43 9B 00 00 43 A7 80 00 00 00 00 00 00 00 00 00 00 00 00 00 00 00 00 00 00 00 00 00 00 00 00 00 00 00 03 E8 C2 F6 CC CD]...
[INFO ] [2018-01-29 16:32:56] org.springframework.context.support.ClassPathXmlApplicationContext [589] - Refreshing org.springframework.context.support.ClassPathXmlApplicationContext@1725dc0f: startup date [Mon Jan 29 16:32:56 CST 2018]; root of context hierarchy
[INFO ] [2018-01-29 16:32:56] org.springframework.beans.factory.xml.XmlBeanDefinitionReader [316] - Loading XML bean definitions from class path resource [applicationContext.xml]
[INFO ] [2018-01-29 16:32:57] org.springframework.scheduling.annotation.ScheduledAnnotationBeanPostProcessor [274] - No TaskScheduler/ScheduledExecutorService bean found for scheduled processing
[INFO ] [2018-01-29 16:32:58] com.tiza.gw.server.DtuServer [57] - DTU网关服务器启动...
[INFO ] [2018-01-29 16:32:59] com.tiza.gw.handler.DtuHandler [29] - 建立连接...
[INFO ] [2018-01-29 16:33:00] com.tiza.gw.handler.DtuHandler [29] - 建立连接...
[INFO ] [2018-01-29 16:33:01] com.tiza.gw.handler.codec.DtuDecoder [106] - 设备[355784012591111]注册...
[INFO ] [2018-01-29 16:33:01] com.tiza.gw.handler.codec.DtuDecoder [106] - 设备[355784012783916]注册...
[INFO ] [2018-01-29 16:33:02] com.tiza.support.task.AutoSenderTask [50] - 下发查询指令, [从站地址:2, 功能码:3, 在线终端:[355784012783916, 355784012591111]]...
[INFO ] [2018-01-29 16:33:03] com.tiza.gw.handler.codec.DtuDecoder [93] - 收到设备[355784012783916]数据[02 03 3C 43 9B 00 00 43 A7 80 00 00 00 00 00 00 00 00 00 00 00 00 00 00 00 00 00 00 00 00 00 00 00 00 00 00 00 03 E8 C2 F6 CC CD 00 00 00 00 00 00 00 00 00 00 00 00 00 00 00 00 00 00 00 00]...
[INFO ] [2018-01-29 16:34:02] com.tiza.support.task.AutoSenderTask [50] - 下发查询指令, [从站地址:2, 功能码:3, 在线终端:[355784012783916, 355784012591111]]...
[INFO ] [2018-01-29 16:34:03] com.tiza.gw.handler.codec.DtuDecoder [55] - 收到设备[355784012591111]心跳...
[INFO ] [2018-01-29 16:34:04] com.tiza.gw.handler.codec.DtuDecoder [55] - 收到设备[355784012783916]心跳...
[INFO ] [2018-01-29 16:34:05] com.tiza.gw.handler.codec.DtuDecoder [93] - 收到设备[355784012783916]数据[02 03 3C 43 9B 00 00 43 A7 80 00 00 00 00 00 00 00 00 00 00 00 00 00 00 00 00 00 00 00 00 00 00 00 00 00 00 00 03 E8 C2 F6 CC CD 00 00 00 00 00 00 00 00 00 00 00 00 00 00 00 00 00 00 00 00]...
[INFO ] [2018-01-29 16:34:21] org.springframework.context.support.ClassPathXmlApplicationContext [589] - Refreshing org.springframework.context.support.ClassPathXmlApplicationContext@1725dc0f: startup date [Mon Jan 29 16:34:21 CST 2018]; root of context hierarchy
[INFO ] [2018-01-29 16:34:21] org.springframework.beans.factory.xml.XmlBeanDefinitionReader [316] - Loading XML bean definitions from class path resource [applicationContext.xml]
[INFO ] [2018-01-29 16:34:22] org.springframework.scheduling.annotation.ScheduledAnnotationBeanPostProcessor [274] - No TaskScheduler/ScheduledExecutorService bean found for scheduled processing
[INFO ] [2018-01-29 16:34:23] com.tiza.gw.server.DtuServer [57] - DTU网关服务器启动...
[INFO ] [2018-01-29 16:34:25] com.tiza.gw.handler.DtuHandler [29] - 建立连接...
[INFO ] [2018-01-29 16:34:26] com.tiza.gw.handler.DtuHandler [29] - 建立连接...
[INFO ] [2018-01-29 16:34:27] com.tiza.gw.handler.codec.DtuDecoder [106] - 设备[355784012591111]注册...
[INFO ] [2018-01-29 16:34:28] com.tiza.support.task.AutoSenderTask [50] - 下发查询指令, [从站地址:2, 功能码:3, 在线终端:[355784012591111]]...
[INFO ] [2018-01-29 16:34:28] com.tiza.gw.handler.codec.DtuDecoder [106] - 设备[355784012783916]注册...
[INFO ] [2018-01-29 16:35:28] com.tiza.support.task.AutoSenderTask [50] - 下发查询指令, [从站地址:2, 功能码:3, 在线终端:[355784012783916, 355784012591111]]...
[INFO ] [2018-01-29 16:35:28] com.tiza.gw.handler.codec.DtuDecoder [55] - 收到设备[355784012783916]心跳...
[INFO ] [2018-01-29 16:35:29] com.tiza.gw.handler.codec.DtuDecoder [55] - 收到设备[355784012591111]心跳...
[INFO ] [2018-01-29 16:35:29] com.tiza.gw.handler.codec.DtuDecoder [93] - 收到设备[355784012783916]数据[02 03 78 43 9B 00 00 43 A7 80 00 00 00 00 00 00 00 00 00 00 00 00 00 00 00 00 00 00 00 00 00 00 00 00 00 00 00 03 E8 C2 F6 CC CD 00 00 00 00 00 00 00 00 00 00 00 00 00 00 00 00 00 00 00 00 00 00 00 00 00 00 00 00 00 00 00 00 00 00 00 00 00 00 00 00 00 00 00 00 00 00 00 00 00 00 00 00 00 00 00 00 00 00 00 00 00 00 00 00 00 00 00 00 00 00 00 00 00 00 00 00 00 00 00 00]...
[INFO ] [2018-01-29 16:36:28] com.tiza.support.task.AutoSenderTask [50] - 下发查询指令, [从站地址:2, 功能码:3, 在线终端:[355784012783916, 355784012591111]]...
[INFO ] [2018-01-29 16:36:29] com.tiza.gw.handler.codec.DtuDecoder [93] - 收到设备[355784012783916]数据[02 03 78 43 9B 00 00 43 A7 80 00 00 00 00 00 00 00 00 00 00 00 00 00 00 00 00 00 00 00 00 00 00 00 00 00 00 00 03 E8 C2 F6 CC CD 00 00 00 00 00 00 00 00 00 00 00 00 00 00 00 00 00 00 00 00 00 00 00 00 00 00 00 00 00 00 00 00 00 00 00 00 00 00 00 00 00 00 00 00 00 00 00 00 00 00 00 00 00 00 00 00 00 00 00 00 00 00 00 00 00 00 00 00 00 00 00 00 00 00 00 00 00 00 00 00]...
[INFO ] [2018-01-29 16:37:00] org.springframework.context.support.ClassPathXmlApplicationContext [589] - Refreshing org.springframework.context.support.ClassPathXmlApplicationContext@1725dc0f: startup date [Mon Jan 29 16:37:00 CST 2018]; root of context hierarchy
[INFO ] [2018-01-29 16:37:00] org.springframework.beans.factory.xml.XmlBeanDefinitionReader [316] - Loading XML bean definitions from class path resource [applicationContext.xml]
[INFO ] [2018-01-29 16:37:01] org.springframework.scheduling.annotation.ScheduledAnnotationBeanPostProcessor [274] - No TaskScheduler/ScheduledExecutorService bean found for scheduled processing
[INFO ] [2018-01-29 16:37:02] com.tiza.gw.server.DtuServer [57] - DTU网关服务器启动...
[INFO ] [2018-01-29 16:37:04] com.tiza.gw.handler.DtuHandler [29] - 建立连接...
[INFO ] [2018-01-29 16:37:04] com.tiza.gw.handler.DtuHandler [29] - 建立连接...
[INFO ] [2018-01-29 16:37:05] com.tiza.gw.handler.codec.DtuDecoder [106] - 设备[355784012783916]注册...
[INFO ] [2018-01-29 16:37:05] com.tiza.gw.handler.codec.DtuDecoder [106] - 设备[355784012591111]注册...
[INFO ] [2018-01-29 16:37:06] com.tiza.support.task.AutoSenderTask [50] - 下发查询指令, [从站地址:2, 功能码:3, 在线终端:[355784012783916, 355784012591111]]...
[INFO ] [2018-01-29 16:37:07] com.tiza.gw.handler.codec.DtuDecoder [93] - 收到设备[355784012783916]数据[02 03 A0 43 9B 00 00 43 A7 80 00 00 00 00 00 00 00 00 00 00 00 00 00 00 00 00 00 00 00 00 00 00 00 00 00 00 00 03 E8 C2 F6 CC CD 00 00 00 00 00 00 00 00 00 00 00 00 00 00 00 00 00 00 00 00 00 00 00 00 00 00 00 00 00 00 00 00 00 00 00 00 00 00 00 00 00 00 00 00 00 00 00 00 00 00 00 00 00 00 00 00 00 00 00 00 00 00 00 00 00 00 00 00 00 00 00 00 00 00 00 00 00 00 00 00 00 00 00 00 00 00 00 00 00 00 00 00 00 00 00 00 00 00 00 00 00 00 00 00 00 00 00 00 00 00 00 00 00 00 00 00 00 00 00 00]...
[INFO ] [2018-01-29 16:38:14] org.springframework.context.support.ClassPathXmlApplicationContext [589] - Refreshing org.springframework.context.support.ClassPathXmlApplicationContext@1725dc0f: startup date [Mon Jan 29 16:38:14 CST 2018]; root of context hierarchy
[INFO ] [2018-01-29 16:38:14] org.springframework.beans.factory.xml.XmlBeanDefinitionReader [316] - Loading XML bean definitions from class path resource [applicationContext.xml]
[INFO ] [2018-01-29 16:38:15] org.springframework.scheduling.annotation.ScheduledAnnotationBeanPostProcessor [274] - No TaskScheduler/ScheduledExecutorService bean found for scheduled processing
[INFO ] [2018-01-29 16:38:15] com.tiza.gw.server.DtuServer [57] - DTU网关服务器启动...
[INFO ] [2018-01-29 16:38:16] com.tiza.gw.handler.DtuHandler [29] - 建立连接...
[INFO ] [2018-01-29 16:38:16] com.tiza.gw.handler.DtuHandler [29] - 建立连接...
[INFO ] [2018-01-29 16:38:17] com.tiza.gw.handler.codec.DtuDecoder [106] - 设备[355784012783916]注册...
[INFO ] [2018-01-29 16:38:18] com.tiza.gw.handler.codec.DtuDecoder [106] - 设备[355784012591111]注册...
[INFO ] [2018-01-29 16:38:20] com.tiza.support.task.AutoSenderTask [50] - 下发查询指令, [从站地址:2, 功能码:2, 在线终端:[355784012783916, 355784012591111]]...
[INFO ] [2018-01-29 16:38:21] com.tiza.gw.handler.codec.DtuDecoder [93] - 收到设备[355784012783916]数据[02 02 02 00 00]...
[INFO ] [2018-01-29 16:39:20] com.tiza.support.task.AutoSenderTask [50] - 下发查询指令, [从站地址:2, 功能码:2, 在线终端:[355784012783916, 355784012591111]]...
[INFO ] [2018-01-29 16:39:21] com.tiza.gw.handler.codec.DtuDecoder [55] - 收到设备[355784012591111]心跳...
[INFO ] [2018-01-29 16:39:21] com.tiza.gw.handler.codec.DtuDecoder [93] - 收到设备[355784012783916]数据[02 02 02 00 00]...
[INFO ] [2018-01-29 16:39:47] org.springframework.context.support.ClassPathXmlApplicationContext [589] - Refreshing org.springframework.context.support.ClassPathXmlApplicationContext@1725dc0f: startup date [Mon Jan 29 16:39:47 CST 2018]; root of context hierarchy
[INFO ] [2018-01-29 16:39:47] org.springframework.beans.factory.xml.XmlBeanDefinitionReader [316] - Loading XML bean definitions from class path resource [applicationContext.xml]
[INFO ] [2018-01-29 16:39:48] org.springframework.scheduling.annotation.ScheduledAnnotationBeanPostProcessor [274] - No TaskScheduler/ScheduledExecutorService bean found for scheduled processing
[INFO ] [2018-01-29 16:39:49] com.tiza.gw.server.DtuServer [57] - DTU网关服务器启动...
[INFO ] [2018-01-29 16:39:53] com.tiza.support.task.AutoSenderTask [50] - 下发查询指令, [从站地址:2, 功能码:6, 在线终端:[]]...
[INFO ] [2018-01-29 16:40:00] com.tiza.gw.handler.DtuHandler [29] - 建立连接...
[INFO ] [2018-01-29 16:40:01] com.tiza.gw.handler.codec.DtuDecoder [106] - 设备[355784012783916]注册...
[INFO ] [2018-01-29 16:40:08] com.tiza.gw.handler.DtuHandler [29] - 建立连接...
[INFO ] [2018-01-29 16:40:12] com.tiza.gw.handler.codec.DtuDecoder [106] - 设备[355784012591111]注册...
[INFO ] [2018-01-29 16:40:53] com.tiza.support.task.AutoSenderTask [50] - 下发查询指令, [从站地址:2, 功能码:6, 在线终端:[355784012783916, 355784012591111]]...
[INFO ] [2018-01-29 16:40:55] com.tiza.gw.handler.DtuHandler [37] - 设备[355784012783916]断开连接...
[INFO ] [2018-01-29 16:41:01] com.tiza.gw.handler.DtuHandler [29] - 建立连接...
[INFO ] [2018-01-29 16:41:02] com.tiza.gw.handler.codec.DtuDecoder [106] - 设备[355784012783916]注册...
[INFO ] [2018-01-29 16:41:53] com.tiza.support.task.AutoSenderTask [50] - 下发查询指令, [从站地址:2, 功能码:6, 在线终端:[355784012783916, 355784012591111]]...
[INFO ] [2018-01-29 16:41:55] com.tiza.gw.handler.DtuHandler [37] - 设备[355784012783916]断开连接...
[INFO ] [2018-01-29 16:42:00] com.tiza.gw.handler.DtuHandler [29] - 建立连接...
[INFO ] [2018-01-29 16:42:02] com.tiza.gw.handler.codec.DtuDecoder [106] - 设备[355784012783916]注册...
[INFO ] [2018-01-29 16:47:09] org.springframework.context.support.ClassPathXmlApplicationContext [589] - Refreshing org.springframework.context.support.ClassPathXmlApplicationContext@1725dc0f: startup date [Mon Jan 29 16:47:09 CST 2018]; root of context hierarchy
[INFO ] [2018-01-29 16:47:10] org.springframework.beans.factory.xml.XmlBeanDefinitionReader [316] - Loading XML bean definitions from class path resource [applicationContext.xml]
[INFO ] [2018-01-29 16:47:11] org.springframework.scheduling.annotation.ScheduledAnnotationBeanPostProcessor [274] - No TaskScheduler/ScheduledExecutorService bean found for scheduled processing
[INFO ] [2018-01-29 16:47:11] com.tiza.gw.server.DtuServer [57] - DTU网关服务器启动...
[INFO ] [2018-01-29 16:47:16] com.tiza.support.task.AutoSenderTask [60] -  在线终端[[]], 下发查询指令, [从站地址:2, 功能码:6, 内容:02060000000A]...
[INFO ] [2018-01-29 16:47:27] org.springframework.context.support.ClassPathXmlApplicationContext [589] - Refreshing org.springframework.context.support.ClassPathXmlApplicationContext@1725dc0f: startup date [Mon Jan 29 16:47:27 CST 2018]; root of context hierarchy
[INFO ] [2018-01-29 16:47:27] org.springframework.beans.factory.xml.XmlBeanDefinitionReader [316] - Loading XML bean definitions from class path resource [applicationContext.xml]
[INFO ] [2018-01-29 16:47:28] org.springframework.scheduling.annotation.ScheduledAnnotationBeanPostProcessor [274] - No TaskScheduler/ScheduledExecutorService bean found for scheduled processing
[INFO ] [2018-01-29 16:47:28] com.tiza.gw.server.DtuServer [57] - DTU网关服务器启动...
[INFO ] [2018-01-29 16:47:29] com.tiza.gw.handler.DtuHandler [29] - 建立连接...
[INFO ] [2018-01-29 16:47:30] com.tiza.gw.handler.codec.DtuDecoder [106] - 设备[355784012591111]注册...
[INFO ] [2018-01-29 16:47:33] com.tiza.support.task.AutoSenderTask [60] -  在线终端[[355784012591111]], 下发查询指令, [从站地址:2, 功能码:6, 内容:020600000002]...
[INFO ] [2018-01-29 16:47:37] com.tiza.gw.handler.DtuHandler [29] - 建立连接...
[INFO ] [2018-01-29 16:47:38] com.tiza.gw.handler.codec.DtuDecoder [106] - 设备[355784012783916]注册...
[INFO ] [2018-01-29 16:48:33] com.tiza.support.task.AutoSenderTask [60] -  在线终端[[355784012783916, 355784012591111]], 下发查询指令, [从站地址:2, 功能码:6, 内容:020600000002]...
[INFO ] [2018-01-29 16:48:34] com.tiza.gw.handler.DtuHandler [37] - 设备[355784012783916]断开连接...
[INFO ] [2018-01-29 16:50:20] org.springframework.context.support.ClassPathXmlApplicationContext [589] - Refreshing org.springframework.context.support.ClassPathXmlApplicationContext@1725dc0f: startup date [Mon Jan 29 16:50:20 CST 2018]; root of context hierarchy
[INFO ] [2018-01-29 16:50:20] org.springframework.beans.factory.xml.XmlBeanDefinitionReader [316] - Loading XML bean definitions from class path resource [applicationContext.xml]
[INFO ] [2018-01-29 16:50:21] org.springframework.scheduling.annotation.ScheduledAnnotationBeanPostProcessor [274] - No TaskScheduler/ScheduledExecutorService bean found for scheduled processing
[INFO ] [2018-01-29 16:50:21] com.tiza.gw.server.DtuServer [57] - DTU网关服务器启动...
[INFO ] [2018-01-29 16:50:23] com.tiza.gw.handler.DtuHandler [29] - 建立连接...
[INFO ] [2018-01-29 16:50:24] com.tiza.gw.handler.DtuHandler [29] - 建立连接...
[INFO ] [2018-01-29 16:50:24] com.tiza.gw.handler.codec.DtuDecoder [106] - 设备[355784012591111]注册...
[INFO ] [2018-01-29 16:50:25] com.tiza.gw.handler.codec.DtuDecoder [106] - 设备[355784012783916]注册...
[INFO ] [2018-01-29 16:50:26] com.tiza.support.task.AutoSenderTask [60] -  在线终端[[355784012783916, 355784012591111]], 下发查询指令, [从站地址:2, 功能码:6, 内容:020600000002]...
[INFO ] [2018-01-29 16:50:27] com.tiza.gw.handler.DtuHandler [37] - 设备[355784012783916]断开连接...
[INFO ] [2018-01-29 16:50:32] com.tiza.gw.handler.DtuHandler [29] - 建立连接...
[INFO ] [2018-01-29 16:50:34] com.tiza.gw.handler.codec.DtuDecoder [106] - 设备[355784012783916]注册...
[INFO ] [2018-01-29 16:50:58] org.springframework.context.support.ClassPathXmlApplicationContext [589] - Refreshing org.springframework.context.support.ClassPathXmlApplicationContext@1725dc0f: startup date [Mon Jan 29 16:50:58 CST 2018]; root of context hierarchy
[INFO ] [2018-01-29 16:50:58] org.springframework.beans.factory.xml.XmlBeanDefinitionReader [316] - Loading XML bean definitions from class path resource [applicationContext.xml]
[INFO ] [2018-01-29 16:50:59] org.springframework.scheduling.annotation.ScheduledAnnotationBeanPostProcessor [274] - No TaskScheduler/ScheduledExecutorService bean found for scheduled processing
[INFO ] [2018-01-29 16:51:00] com.tiza.gw.server.DtuServer [57] - DTU网关服务器启动...
[INFO ] [2018-01-29 16:51:04] com.tiza.support.task.AutoSenderTask [60] -  在线终端[[]], 下发查询指令, [从站地址:2, 功能码:6, 内容:020600000002]...
[INFO ] [2018-01-29 16:51:08] com.tiza.gw.handler.DtuHandler [29] - 建立连接...
[INFO ] [2018-01-29 16:51:15] com.tiza.gw.handler.DtuHandler [29] - 建立连接...
[INFO ] [2018-01-29 16:51:16] com.tiza.gw.handler.codec.DtuDecoder [106] - 设备[355784012591111]注册...
[INFO ] [2018-01-29 16:51:17] com.tiza.gw.handler.DtuHandler [29] - 建立连接...
[INFO ] [2018-01-29 16:51:18] com.tiza.gw.handler.codec.DtuDecoder [106] - 设备[355784012783916]注册...
[INFO ] [2018-01-29 16:52:04] com.tiza.support.task.AutoSenderTask [60] -  在线终端[[355784012783916, 355784012591111]], 下发查询指令, [从站地址:2, 功能码:6, 内容:020600000002]...
[INFO ] [2018-01-29 16:53:14] com.tiza.gw.handler.codec.DtuDecoder [55] - 收到设备[355784012591111]心跳...
[INFO ] [2018-01-29 16:53:14] com.tiza.gw.handler.DtuHandler [37] - 设备[355784012783916]断开连接...
[INFO ] [2018-01-29 16:53:14] com.tiza.support.task.AutoSenderTask [60] -  在线终端[[355784012591111]], 下发查询指令, [从站地址:2, 功能码:6, 内容:020600000002]...
[INFO ] [2018-01-29 16:53:26] org.springframework.context.support.ClassPathXmlApplicationContext [589] - Refreshing org.springframework.context.support.ClassPathXmlApplicationContext@1725dc0f: startup date [Mon Jan 29 16:53:26 CST 2018]; root of context hierarchy
[INFO ] [2018-01-29 16:53:26] org.springframework.beans.factory.xml.XmlBeanDefinitionReader [316] - Loading XML bean definitions from class path resource [applicationContext.xml]
[INFO ] [2018-01-29 16:53:27] org.springframework.scheduling.annotation.ScheduledAnnotationBeanPostProcessor [274] - No TaskScheduler/ScheduledExecutorService bean found for scheduled processing
[INFO ] [2018-01-29 16:53:27] com.tiza.gw.server.DtuServer [57] - DTU网关服务器启动...
[INFO ] [2018-01-29 16:53:32] com.tiza.support.task.AutoSenderTask [60] -  在线终端[[]], 下发查询指令, [从站地址:2, 功能码:3, 内容:020300000002]...
[INFO ] [2018-01-29 16:53:38] com.tiza.gw.handler.DtuHandler [29] - 建立连接...
[INFO ] [2018-01-29 16:53:40] com.tiza.gw.handler.codec.DtuDecoder [106] - 设备[355784012783916]注册...
[INFO ] [2018-01-29 16:53:46] com.tiza.gw.handler.DtuHandler [29] - 建立连接...
[INFO ] [2018-01-29 16:53:47] com.tiza.gw.handler.codec.DtuDecoder [106] - 设备[355784012591111]注册...
[INFO ] [2018-01-29 16:54:32] com.tiza.support.task.AutoSenderTask [60] -  在线终端[[355784012783916, 355784012591111]], 下发查询指令, [从站地址:2, 功能码:3, 内容:020300000002]...
[INFO ] [2018-01-29 16:54:33] com.tiza.gw.handler.codec.DtuDecoder [93] - 收到设备[355784012783916]数据[02 03 04 00 02 00 00]...
[INFO ] [2018-01-29 16:55:42] org.springframework.context.support.ClassPathXmlApplicationContext [589] - Refreshing org.springframework.context.support.ClassPathXmlApplicationContext@1725dc0f: startup date [Mon Jan 29 16:55:42 CST 2018]; root of context hierarchy
[INFO ] [2018-01-29 16:55:43] org.springframework.beans.factory.xml.XmlBeanDefinitionReader [316] - Loading XML bean definitions from class path resource [applicationContext.xml]
[INFO ] [2018-01-29 16:55:44] org.springframework.scheduling.annotation.ScheduledAnnotationBeanPostProcessor [274] - No TaskScheduler/ScheduledExecutorService bean found for scheduled processing
[INFO ] [2018-01-29 16:55:44] com.tiza.gw.server.DtuServer [57] - DTU网关服务器启动...
[INFO ] [2018-01-29 16:55:49] com.tiza.support.task.AutoSenderTask [60] -  在线终端[[]], 下发查询指令, [从站地址:2, 功能码:3, 内容:02030000003C]...
[INFO ] [2018-01-29 16:56:03] com.tiza.gw.handler.DtuHandler [29] - 建立连接...
[INFO ] [2018-01-29 16:56:04] com.tiza.gw.handler.codec.DtuDecoder [106] - 设备[355784012591111]注册...
[INFO ] [2018-01-29 16:56:05] com.tiza.gw.handler.DtuHandler [29] - 建立连接...
[INFO ] [2018-01-29 16:56:06] com.tiza.gw.handler.codec.DtuDecoder [106] - 设备[355784012783916]注册...
[INFO ] [2018-01-29 16:56:49] com.tiza.support.task.AutoSenderTask [60] -  在线终端[[355784012783916, 355784012591111]], 下发查询指令, [从站地址:2, 功能码:3, 内容:02030000003C]...
[INFO ] [2018-01-29 16:56:50] com.tiza.gw.handler.codec.DtuDecoder [93] - 收到设备[355784012783916]数据[02 03 78 00 02 00 00 43 A7 80 00 00 00 00 00 00 00 00 00 00 00 00 00 00 00 00 00 00 00 00 00 00 00 00 00 00 00 03 E8 C2 F6 CC CD 00 00 00 00 00 00 00 00 00 00 00 00 00 00 00 00 00 00 00 00 00 00 00 00 00 00 00 00 00 00 00 00 00 00 00 00 00 00 00 00 00 00 00 00 00 00 00 00 00 00 00 00 00 00 00 00 00 00 00 00 00 00 00 00 00 00 00 00 00 00 00 00 00 00 00 00 00 00 00 00]...
[INFO ] [2018-01-29 16:57:49] com.tiza.support.task.AutoSenderTask [60] -  在线终端[[355784012783916, 355784012591111]], 下发查询指令, [从站地址:2, 功能码:3, 内容:02030000003C]...
[INFO ] [2018-01-29 16:57:50] com.tiza.gw.handler.codec.DtuDecoder [93] - 收到设备[355784012783916]数据[02 03 78 00 02 00 00 43 A7 80 00 00 00 00 00 00 00 00 00 00 00 00 00 00 00 00 00 00 00 00 00 00 00 00 00 00 00 03 E8 C2 F6 CC CD 00 00 00 00 00 00 00 00 00 00 00 00 00 00 00 00 00 00 00 00 00 00 00 00 00 00 00 00 00 00 00 00 00 00 00 00 00 00 00 00 00 00 00 00 00 00 00 00 00 00 00 00 00 00 00 00 00 00 00 00 00 00 00 00 00 00 00 00 00 00 00 00 00 00 00 00 00 00 00 00]...
[INFO ] [2018-01-29 16:58:40] org.springframework.context.support.ClassPathXmlApplicationContext [589] - Refreshing org.springframework.context.support.ClassPathXmlApplicationContext@1725dc0f: startup date [Mon Jan 29 16:58:40 CST 2018]; root of context hierarchy
[INFO ] [2018-01-29 16:58:40] org.springframework.beans.factory.xml.XmlBeanDefinitionReader [316] - Loading XML bean definitions from class path resource [applicationContext.xml]
[INFO ] [2018-01-29 16:58:42] org.springframework.scheduling.annotation.ScheduledAnnotationBeanPostProcessor [274] - No TaskScheduler/ScheduledExecutorService bean found for scheduled processing
[INFO ] [2018-01-29 16:58:42] com.tiza.gw.server.DtuServer [57] - DTU网关服务器启动...
[INFO ] [2018-01-29 16:58:47] com.tiza.support.task.AutoSenderTask [60] -  在线终端[[]], 下发查询指令, [从站地址:2, 功能码:3, 内容:0203003C0002]...
[INFO ] [2018-01-29 16:58:57] com.tiza.gw.handler.DtuHandler [29] - 建立连接...
[INFO ] [2018-01-29 16:58:58] com.tiza.gw.handler.codec.DtuDecoder [106] - 设备[355784012591111]注册...
[INFO ] [2018-01-29 16:58:59] com.tiza.gw.handler.DtuHandler [29] - 建立连接...
[INFO ] [2018-01-29 16:59:00] com.tiza.gw.handler.codec.DtuDecoder [106] - 设备[355784012783916]注册...
[INFO ] [2018-01-29 16:59:47] com.tiza.support.task.AutoSenderTask [60] -  在线终端[[355784012783916, 355784012591111]], 下发查询指令, [从站地址:2, 功能码:3, 内容:0203003C0002]...
[INFO ] [2018-01-29 16:59:48] com.tiza.gw.handler.codec.DtuDecoder [93] - 收到设备[355784012783916]数据[02 03 04 00 00 00 00]...
[INFO ] [2018-01-29 17:00:27] org.springframework.context.support.ClassPathXmlApplicationContext [589] - Refreshing org.springframework.context.support.ClassPathXmlApplicationContext@1725dc0f: startup date [Mon Jan 29 17:00:27 CST 2018]; root of context hierarchy
[INFO ] [2018-01-29 17:00:27] org.springframework.beans.factory.xml.XmlBeanDefinitionReader [316] - Loading XML bean definitions from class path resource [applicationContext.xml]
[INFO ] [2018-01-29 17:00:28] org.springframework.scheduling.annotation.ScheduledAnnotationBeanPostProcessor [274] - No TaskScheduler/ScheduledExecutorService bean found for scheduled processing
[INFO ] [2018-01-29 17:00:29] com.tiza.gw.server.DtuServer [57] - DTU网关服务器启动...
[INFO ] [2018-01-29 17:00:33] com.tiza.support.task.AutoSenderTask [60] -  在线终端[[]], 下发查询指令, [从站地址:2, 功能码:3, 内容:0203003C0004]...
[INFO ] [2018-01-29 17:00:42] com.tiza.gw.handler.DtuHandler [29] - 建立连接...
[INFO ] [2018-01-29 17:00:43] com.tiza.gw.handler.codec.DtuDecoder [106] - 设备[355784012591111]注册...
[INFO ] [2018-01-29 17:00:45] com.tiza.gw.handler.DtuHandler [29] - 建立连接...
[INFO ] [2018-01-29 17:00:47] com.tiza.gw.handler.codec.DtuDecoder [106] - 设备[355784012783916]注册...
[INFO ] [2018-01-29 17:01:33] com.tiza.support.task.AutoSenderTask [60] -  在线终端[[355784012783916, 355784012591111]], 下发查询指令, [从站地址:2, 功能码:3, 内容:0203003C0004]...
[INFO ] [2018-01-29 17:01:35] com.tiza.gw.handler.codec.DtuDecoder [93] - 收到设备[355784012783916]数据[02 03 08 00 00 00 00 00 00 00 00]...
