[INFO ] [2018-01-26 11:23:02] org.springframework.context.support.ClassPathXmlApplicationContext [589] - Refreshing org.springframework.context.support.ClassPathXmlApplicationContext@c038203: startup date [Fri Jan 26 11:23:02 CST 2018]; root of context hierarchy
[INFO ] [2018-01-26 11:23:02] org.springframework.beans.factory.xml.XmlBeanDefinitionReader [316] - Loading XML bean definitions from class path resource [applicationContext.xml]
[INFO ] [2018-01-26 11:23:04] com.tiza.gw.server.DtuServer [57] - DTU网关服务器启动...
[INFO ] [2018-01-26 11:23:25] com.tiza.gw.handler.DtuHandler [20] - 建立连接...
[INFO ] [2018-01-26 14:45:51] org.springframework.context.support.ClassPathXmlApplicationContext [589] - Refreshing org.springframework.context.support.ClassPathXmlApplicationContext@c038203: startup date [Fri Jan 26 14:45:51 CST 2018]; root of context hierarchy
[INFO ] [2018-01-26 14:45:51] org.springframework.beans.factory.xml.XmlBeanDefinitionReader [316] - Loading XML bean definitions from class path resource [applicationContext.xml]
[INFO ] [2018-01-26 14:45:52] com.tiza.gw.server.DtuServer [57] - DTU网关服务器启动...
[INFO ] [2018-01-26 14:46:13] com.tiza.gw.handler.DtuHandler [24] - 建立连接...
[INFO ] [2018-01-26 14:46:36] com.tiza.gw.handler.codec.DtuDecoder [43] - 设备[355784012591111]注册...
[INFO ] [2018-01-26 14:46:52] com.tiza.gw.handler.codec.DtuDecoder [49] - 收到设备[355784012591111]心跳...
[INFO ] [2018-01-26 15:15:05] org.springframework.context.support.ClassPathXmlApplicationContext [589] - Refreshing org.springframework.context.support.ClassPathXmlApplicationContext@c038203: startup date [Fri Jan 26 15:15:05 CST 2018]; root of context hierarchy
[INFO ] [2018-01-26 15:15:05] org.springframework.beans.factory.xml.XmlBeanDefinitionReader [316] - Loading XML bean definitions from class path resource [applicationContext.xml]
[INFO ] [2018-01-26 15:15:06] com.tiza.gw.server.DtuServer [57] - DTU网关服务器启动...
[INFO ] [2018-01-26 15:15:23] com.tiza.gw.handler.DtuHandler [24] - 建立连接...
[INFO ] [2018-01-26 15:15:28] com.tiza.gw.handler.codec.DtuDecoder [43] - 设备[355784012591111]注册...
[INFO ] [2018-01-26 15:15:49] com.tiza.gw.handler.codec.DtuDecoder [49] - 收到设备[355784012591111]心跳...
[INFO ] [2018-01-26 16:18:43] org.springframework.context.support.ClassPathXmlApplicationContext [589] - Refreshing org.springframework.context.support.ClassPathXmlApplicationContext@c038203: startup date [Fri Jan 26 16:18:43 CST 2018]; root of context hierarchy
[INFO ] [2018-01-26 16:18:43] org.springframework.beans.factory.xml.XmlBeanDefinitionReader [316] - Loading XML bean definitions from class path resource [applicationContext.xml]
[INFO ] [2018-01-26 16:18:44] com.tiza.gw.server.DtuServer [57] - DTU网关服务器启动...
[INFO ] [2018-01-26 16:18:50] com.tiza.gw.handler.DtuHandler [24] - 建立连接...
[INFO ] [2018-01-26 16:18:54] com.tiza.gw.handler.codec.DtuDecoder [49] - 收到设备[355784012591111]心跳...
[INFO ] [2018-01-26 16:20:22] org.springframework.context.support.ClassPathXmlApplicationContext [589] - Refreshing org.springframework.context.support.ClassPathXmlApplicationContext@c038203: startup date [Fri Jan 26 16:20:22 CST 2018]; root of context hierarchy
[INFO ] [2018-01-26 16:20:22] org.springframework.beans.factory.xml.XmlBeanDefinitionReader [316] - Loading XML bean definitions from class path resource [applicationContext.xml]
[INFO ] [2018-01-26 16:20:23] com.tiza.gw.server.DtuServer [57] - DTU网关服务器启动...
[INFO ] [2018-01-26 16:20:30] com.tiza.gw.handler.DtuHandler [24] - 建立连接...
[INFO ] [2018-01-26 16:21:59] org.springframework.context.support.ClassPathXmlApplicationContext [589] - Refreshing org.springframework.context.support.ClassPathXmlApplicationContext@1725dc0f: startup date [Fri Jan 26 16:21:59 CST 2018]; root of context hierarchy
[INFO ] [2018-01-26 16:21:59] org.springframework.beans.factory.xml.XmlBeanDefinitionReader [316] - Loading XML bean definitions from class path resource [applicationContext.xml]
[INFO ] [2018-01-26 16:22:00] com.tiza.gw.server.DtuServer [57] - DTU网关服务器启动...
[INFO ] [2018-01-26 16:22:05] com.tiza.gw.handler.DtuHandler [24] - 建立连接...
[INFO ] [2018-01-26 16:22:23] com.tiza.gw.handler.codec.DtuDecoder [43] - 设备[355784012591111]注册...
[INFO ] [2018-01-26 16:26:22] org.springframework.context.support.ClassPathXmlApplicationContext [589] - Refreshing org.springframework.context.support.ClassPathXmlApplicationContext@1725dc0f: startup date [Fri Jan 26 16:26:22 CST 2018]; root of context hierarchy
[INFO ] [2018-01-26 16:26:22] org.springframework.beans.factory.xml.XmlBeanDefinitionReader [316] - Loading XML bean definitions from class path resource [applicationContext.xml]
[INFO ] [2018-01-26 16:26:24] com.tiza.gw.server.DtuServer [57] - DTU网关服务器启动...
[INFO ] [2018-01-26 16:26:32] com.tiza.gw.handler.DtuHandler [24] - 建立连接...
[INFO ] [2018-01-26 16:27:03] org.springframework.context.support.ClassPathXmlApplicationContext [589] - Refreshing org.springframework.context.support.ClassPathXmlApplicationContext@1725dc0f: startup date [Fri Jan 26 16:27:03 CST 2018]; root of context hierarchy
[INFO ] [2018-01-26 16:27:04] org.springframework.beans.factory.xml.XmlBeanDefinitionReader [316] - Loading XML bean definitions from class path resource [applicationContext.xml]
[INFO ] [2018-01-26 16:27:05] com.tiza.gw.server.DtuServer [57] - DTU网关服务器启动...
[INFO ] [2018-01-26 16:27:08] com.tiza.gw.handler.DtuHandler [24] - 建立连接...
[INFO ] [2018-01-26 16:38:07] org.springframework.context.support.ClassPathXmlApplicationContext [589] - Refreshing org.springframework.context.support.ClassPathXmlApplicationContext@1725dc0f: startup date [Fri Jan 26 16:38:07 CST 2018]; root of context hierarchy
[INFO ] [2018-01-26 16:38:07] org.springframework.beans.factory.xml.XmlBeanDefinitionReader [316] - Loading XML bean definitions from class path resource [applicationContext.xml]
[INFO ] [2018-01-26 16:38:08] com.tiza.gw.server.DtuServer [57] - DTU网关服务器启动...
[INFO ] [2018-01-26 16:39:06] com.tiza.gw.handler.DtuHandler [24] - 建立连接...
[INFO ] [2018-01-26 16:39:11] com.tiza.gw.handler.codec.DtuDecoder [54] - 收到设备[355784012591111]心跳...
